{"D:\\projects\\rs-school\\src\\components\\Error.tsx": {"path":"D:\\projects\\rs-school\\src\\components\\Error.tsx","all":false,"statementMap":{"6":{"start":{"line":7,"column":0},"end":{"line":7,"column":53}},"7":{"start":{"line":8,"column":0},"end":{"line":8,"column":72}},"8":{"start":{"line":9,"column":0},"end":{"line":9,"column":2}},"10":{"start":{"line":11,"column":0},"end":{"line":11,"column":21}}},"s":{"6":1,"7":2,"8":2,"10":1},"branchMap":{"0":{"type":"branch","line":7,"loc":{"start":{"line":7,"column":30},"end":{"line":9,"column":2}},"locations":[{"start":{"line":7,"column":30},"end":{"line":9,"column":2}}]}},"b":{"0":[2]},"fnMap":{"0":{"name":"Error","decl":{"start":{"line":7,"column":30},"end":{"line":9,"column":2}},"loc":{"start":{"line":7,"column":30},"end":{"line":9,"column":2}},"line":7}},"f":{"0":2}}
,"D:\\projects\\rs-school\\src\\components\\ErrorBoundary.tsx": {"path":"D:\\projects\\rs-school\\src\\components\\ErrorBoundary.tsx","all":false,"statementMap":{"0":{"start":{"line":1,"column":0},"end":{"line":1,"column":56}},"6":{"start":{"line":7,"column":0},"end":{"line":7,"column":72}},"7":{"start":{"line":8,"column":0},"end":{"line":8,"column":47}},"8":{"start":{"line":9,"column":0},"end":{"line":9,"column":17}},"9":{"start":{"line":10,"column":0},"end":{"line":10,"column":37}},"10":{"start":{"line":11,"column":0},"end":{"line":11,"column":3}},"12":{"start":{"line":13,"column":0},"end":{"line":13,"column":23}},"13":{"start":{"line":14,"column":0},"end":{"line":14,"column":39}},"14":{"start":{"line":15,"column":0},"end":{"line":15,"column":4}},"16":{"start":{"line":17,"column":0},"end":{"line":17,"column":44}},"17":{"start":{"line":18,"column":0},"end":{"line":18,"column":30}},"18":{"start":{"line":19,"column":0},"end":{"line":19,"column":3}},"20":{"start":{"line":21,"column":0},"end":{"line":21,"column":63}},"21":{"start":{"line":22,"column":0},"end":{"line":22,"column":34}},"22":{"start":{"line":23,"column":0},"end":{"line":23,"column":3}},"24":{"start":{"line":25,"column":0},"end":{"line":25,"column":23}},"25":{"start":{"line":26,"column":0},"end":{"line":26,"column":30}},"26":{"start":{"line":27,"column":0},"end":{"line":27,"column":14}},"27":{"start":{"line":28,"column":0},"end":{"line":28,"column":82}},"28":{"start":{"line":29,"column":0},"end":{"line":29,"column":64}},"29":{"start":{"line":30,"column":0},"end":{"line":30,"column":17}},"30":{"start":{"line":31,"column":0},"end":{"line":31,"column":38}},"31":{"start":{"line":32,"column":0},"end":{"line":32,"column":25}},"32":{"start":{"line":33,"column":0},"end":{"line":33,"column":67}},"33":{"start":{"line":34,"column":0},"end":{"line":34,"column":11}},"35":{"start":{"line":36,"column":0},"end":{"line":36,"column":19}},"36":{"start":{"line":37,"column":0},"end":{"line":37,"column":14}},"38":{"start":{"line":39,"column":0},"end":{"line":39,"column":5}},"40":{"start":{"line":41,"column":0},"end":{"line":41,"column":31}},"41":{"start":{"line":42,"column":0},"end":{"line":42,"column":3}},"42":{"start":{"line":43,"column":0},"end":{"line":43,"column":1}},"44":{"start":{"line":45,"column":0},"end":{"line":45,"column":29}}},"s":{"0":1,"6":1,"7":3,"8":4,"9":4,"10":4,"12":3,"13":1,"14":1,"16":3,"17":4,"18":4,"20":3,"21":2,"22":2,"24":3,"25":8,"26":4,"27":4,"28":4,"29":4,"30":4,"31":4,"32":4,"33":4,"35":4,"36":4,"38":4,"40":4,"41":8,"42":3,"44":1},"branchMap":{"0":{"type":"branch","line":7,"loc":{"start":{"line":7,"column":71},"end":{"line":43,"column":1}},"locations":[{"start":{"line":7,"column":71},"end":{"line":43,"column":1}}]},"1":{"type":"branch","line":8,"loc":{"start":{"line":8,"column":2},"end":{"line":11,"column":3}},"locations":[{"start":{"line":8,"column":2},"end":{"line":11,"column":3}}]},"2":{"type":"branch","line":13,"loc":{"start":{"line":13,"column":16},"end":{"line":15,"column":4}},"locations":[{"start":{"line":13,"column":16},"end":{"line":15,"column":4}}]},"3":{"type":"branch","line":17,"loc":{"start":{"line":17,"column":9},"end":{"line":19,"column":3}},"locations":[{"start":{"line":17,"column":9},"end":{"line":19,"column":3}}]},"4":{"type":"branch","line":21,"loc":{"start":{"line":21,"column":2},"end":{"line":23,"column":3}},"locations":[{"start":{"line":21,"column":2},"end":{"line":23,"column":3}}]},"5":{"type":"branch","line":25,"loc":{"start":{"line":25,"column":2},"end":{"line":42,"column":3}},"locations":[{"start":{"line":25,"column":2},"end":{"line":42,"column":3}}]},"6":{"type":"branch","line":26,"loc":{"start":{"line":26,"column":29},"end":{"line":41,"column":31}},"locations":[{"start":{"line":26,"column":29},"end":{"line":41,"column":31}}]}},"b":{"0":[3],"1":[4],"2":[1],"3":[4],"4":[2],"5":[8],"6":[4]},"fnMap":{"0":{"name":"<instance_members_initializer>","decl":{"start":{"line":7,"column":71},"end":{"line":43,"column":1}},"loc":{"start":{"line":7,"column":71},"end":{"line":43,"column":1}},"line":7},"1":{"name":"ErrorBoundary","decl":{"start":{"line":8,"column":2},"end":{"line":11,"column":3}},"loc":{"start":{"line":8,"column":2},"end":{"line":11,"column":3}},"line":8},"2":{"name":"handleReset","decl":{"start":{"line":13,"column":16},"end":{"line":15,"column":4}},"loc":{"start":{"line":13,"column":16},"end":{"line":15,"column":4}},"line":13},"3":{"name":"getDerivedStateFromError","decl":{"start":{"line":17,"column":9},"end":{"line":19,"column":3}},"loc":{"start":{"line":17,"column":9},"end":{"line":19,"column":3}},"line":17},"4":{"name":"componentDidCatch","decl":{"start":{"line":21,"column":2},"end":{"line":23,"column":3}},"loc":{"start":{"line":21,"column":2},"end":{"line":23,"column":3}},"line":21},"5":{"name":"render","decl":{"start":{"line":25,"column":2},"end":{"line":42,"column":3}},"loc":{"start":{"line":25,"column":2},"end":{"line":42,"column":3}},"line":25}},"f":{"0":3,"1":4,"2":1,"3":4,"4":2,"5":8}}
,"D:\\projects\\rs-school\\src\\components\\ErrorButton.tsx": {"path":"D:\\projects\\rs-school\\src\\components\\ErrorButton.tsx","all":false,"statementMap":{"0":{"start":{"line":1,"column":0},"end":{"line":1,"column":33}},"2":{"start":{"line":3,"column":0},"end":{"line":3,"column":27}},"3":{"start":{"line":4,"column":0},"end":{"line":4,"column":59}},"5":{"start":{"line":6,"column":0},"end":{"line":6,"column":17}},"6":{"start":{"line":7,"column":0},"end":{"line":7,"column":35}},"7":{"start":{"line":8,"column":0},"end":{"line":8,"column":3}},"9":{"start":{"line":10,"column":0},"end":{"line":10,"column":10}},"10":{"start":{"line":11,"column":0},"end":{"line":11,"column":11}},"11":{"start":{"line":12,"column":0},"end":{"line":12,"column":19}},"12":{"start":{"line":13,"column":0},"end":{"line":13,"column":61}},"13":{"start":{"line":14,"column":0},"end":{"line":14,"column":39}},"14":{"start":{"line":15,"column":0},"end":{"line":15,"column":5}},"16":{"start":{"line":17,"column":0},"end":{"line":17,"column":13}},"18":{"start":{"line":19,"column":0},"end":{"line":19,"column":2}},"20":{"start":{"line":21,"column":0},"end":{"line":21,"column":27}}},"s":{"0":1,"2":1,"3":13,"5":13,"6":8,"7":8,"9":4,"10":4,"11":4,"12":4,"13":4,"14":4,"16":4,"18":4,"20":1},"branchMap":{"0":{"type":"branch","line":3,"loc":{"start":{"line":3,"column":20},"end":{"line":19,"column":2}},"locations":[{"start":{"line":3,"column":20},"end":{"line":19,"column":2}}]},"1":{"type":"branch","line":6,"loc":{"start":{"line":6,"column":16},"end":{"line":8,"column":3}},"locations":[{"start":{"line":6,"column":16},"end":{"line":8,"column":3}}]},"2":{"type":"branch","line":8,"loc":{"start":{"line":8,"column":2},"end":{"line":19,"column":2}},"locations":[{"start":{"line":8,"column":2},"end":{"line":19,"column":2}}]},"3":{"type":"branch","line":14,"loc":{"start":{"line":14,"column":15},"end":{"line":14,"column":39}},"locations":[{"start":{"line":14,"column":15},"end":{"line":14,"column":39}}]}},"b":{"0":[13],"1":[8],"2":[4],"3":[2]},"fnMap":{"0":{"name":"ErrorButton","decl":{"start":{"line":3,"column":20},"end":{"line":19,"column":2}},"loc":{"start":{"line":3,"column":20},"end":{"line":19,"column":2}},"line":3},"1":{"name":"onClick","decl":{"start":{"line":14,"column":15},"end":{"line":14,"column":39}},"loc":{"start":{"line":14,"column":15},"end":{"line":14,"column":39}},"line":14}},"f":{"0":13,"1":2}}
,"D:\\projects\\rs-school\\src\\components\\Loader.tsx": {"path":"D:\\projects\\rs-school\\src\\components\\Loader.tsx","all":false,"statementMap":{"0":{"start":{"line":1,"column":0},"end":{"line":1,"column":22}},"1":{"start":{"line":2,"column":0},"end":{"line":2,"column":10}},"2":{"start":{"line":3,"column":0},"end":{"line":3,"column":8}},"3":{"start":{"line":4,"column":0},"end":{"line":4,"column":60}},"4":{"start":{"line":5,"column":0},"end":{"line":5,"column":26}},"6":{"start":{"line":7,"column":0},"end":{"line":7,"column":74}},"7":{"start":{"line":8,"column":0},"end":{"line":8,"column":10}},"9":{"start":{"line":10,"column":0},"end":{"line":10,"column":2}},"11":{"start":{"line":12,"column":0},"end":{"line":12,"column":22}}},"s":{"0":1,"1":2,"2":2,"3":2,"4":2,"6":2,"7":2,"9":2,"11":1},"branchMap":{"0":{"type":"branch","line":1,"loc":{"start":{"line":1,"column":15},"end":{"line":10,"column":2}},"locations":[{"start":{"line":1,"column":15},"end":{"line":10,"column":2}}]}},"b":{"0":[2]},"fnMap":{"0":{"name":"Loader","decl":{"start":{"line":1,"column":15},"end":{"line":10,"column":2}},"loc":{"start":{"line":1,"column":15},"end":{"line":10,"column":2}},"line":1}},"f":{"0":2}}
,"D:\\projects\\rs-school\\src\\components\\NoResults.tsx": {"path":"D:\\projects\\rs-school\\src\\components\\NoResults.tsx","all":false,"statementMap":{"0":{"start":{"line":1,"column":0},"end":{"line":1,"column":25}},"1":{"start":{"line":2,"column":0},"end":{"line":2,"column":10}},"2":{"start":{"line":3,"column":0},"end":{"line":3,"column":8}},"3":{"start":{"line":4,"column":0},"end":{"line":4,"column":30}},"4":{"start":{"line":5,"column":0},"end":{"line":5,"column":68}},"6":{"start":{"line":7,"column":0},"end":{"line":7,"column":61}},"7":{"start":{"line":8,"column":0},"end":{"line":8,"column":43}},"8":{"start":{"line":9,"column":0},"end":{"line":9,"column":10}},"10":{"start":{"line":11,"column":0},"end":{"line":11,"column":2}},"12":{"start":{"line":13,"column":0},"end":{"line":13,"column":25}}},"s":{"0":1,"1":2,"2":2,"3":2,"4":2,"6":2,"7":2,"8":2,"10":2,"12":1},"branchMap":{"0":{"type":"branch","line":1,"loc":{"start":{"line":1,"column":18},"end":{"line":11,"column":2}},"locations":[{"start":{"line":1,"column":18},"end":{"line":11,"column":2}}]}},"b":{"0":[2]},"fnMap":{"0":{"name":"NoResults","decl":{"start":{"line":1,"column":18},"end":{"line":11,"column":2}},"loc":{"start":{"line":1,"column":18},"end":{"line":11,"column":2}},"line":1}},"f":{"0":2}}
,"D:\\projects\\rs-school\\src\\components\\NotFound.tsx": {"path":"D:\\projects\\rs-school\\src\\components\\NotFound.tsx","all":false,"statementMap":{"0":{"start":{"line":1,"column":0},"end":{"line":1,"column":43}},"2":{"start":{"line":3,"column":0},"end":{"line":3,"column":24}},"3":{"start":{"line":4,"column":0},"end":{"line":4,"column":33}},"4":{"start":{"line":5,"column":0},"end":{"line":5,"column":10}},"5":{"start":{"line":6,"column":0},"end":{"line":6,"column":78}},"6":{"start":{"line":7,"column":0},"end":{"line":7,"column":66}},"7":{"start":{"line":8,"column":0},"end":{"line":8,"column":13}},"8":{"start":{"line":9,"column":0},"end":{"line":9,"column":21}},"9":{"start":{"line":10,"column":0},"end":{"line":10,"column":63}},"10":{"start":{"line":11,"column":0},"end":{"line":11,"column":37}},"11":{"start":{"line":12,"column":0},"end":{"line":12,"column":7}},"13":{"start":{"line":14,"column":0},"end":{"line":14,"column":15}},"14":{"start":{"line":15,"column":0},"end":{"line":15,"column":10}},"16":{"start":{"line":17,"column":0},"end":{"line":17,"column":2}},"18":{"start":{"line":19,"column":0},"end":{"line":19,"column":24}}},"s":{"0":1,"2":1,"3":2,"4":2,"5":2,"6":2,"7":2,"8":2,"9":2,"10":2,"11":2,"13":2,"14":2,"16":2,"18":1},"branchMap":{"0":{"type":"branch","line":3,"loc":{"start":{"line":3,"column":17},"end":{"line":17,"column":2}},"locations":[{"start":{"line":3,"column":17},"end":{"line":17,"column":2}}]},"1":{"type":"branch","line":11,"loc":{"start":{"line":11,"column":17},"end":{"line":11,"column":37}},"locations":[{"start":{"line":11,"column":17},"end":{"line":11,"column":37}}]}},"b":{"0":[2],"1":[1]},"fnMap":{"0":{"name":"NotFound","decl":{"start":{"line":3,"column":17},"end":{"line":17,"column":2}},"loc":{"start":{"line":3,"column":17},"end":{"line":17,"column":2}},"line":3},"1":{"name":"onClick","decl":{"start":{"line":11,"column":17},"end":{"line":11,"column":37}},"loc":{"start":{"line":11,"column":17},"end":{"line":11,"column":37}},"line":11}},"f":{"0":2,"1":1}}
,"D:\\projects\\rs-school\\src\\components\\ThemeToggle.tsx": {"path":"D:\\projects\\rs-school\\src\\components\\ThemeToggle.tsx","all":false,"statementMap":{"0":{"start":{"line":1,"column":0},"end":{"line":1,"column":46}},"2":{"start":{"line":3,"column":0},"end":{"line":3,"column":27}},"3":{"start":{"line":4,"column":0},"end":{"line":4,"column":44}},"4":{"start":{"line":5,"column":0},"end":{"line":5,"column":34}},"6":{"start":{"line":7,"column":0},"end":{"line":7,"column":10}},"7":{"start":{"line":8,"column":0},"end":{"line":8,"column":11}},"8":{"start":{"line":9,"column":0},"end":{"line":9,"column":27}},"9":{"start":{"line":10,"column":0},"end":{"line":10,"column":130}},"11":{"start":{"line":12,"column":0},"end":{"line":12,"column":41}},"12":{"start":{"line":13,"column":0},"end":{"line":13,"column":41}},"14":{"start":{"line":15,"column":0},"end":{"line":15,"column":10}},"15":{"start":{"line":16,"column":0},"end":{"line":16,"column":96}},"16":{"start":{"line":17,"column":0},"end":{"line":17,"column":52}},"17":{"start":{"line":18,"column":0},"end":{"line":18,"column":11}},"18":{"start":{"line":19,"column":0},"end":{"line":19,"column":8}},"19":{"start":{"line":20,"column":0},"end":{"line":20,"column":13}},"21":{"start":{"line":22,"column":0},"end":{"line":22,"column":2}},"23":{"start":{"line":24,"column":0},"end":{"line":24,"column":27}}},"s":{"0":1,"2":1,"3":9,"4":9,"6":9,"7":9,"8":9,"9":9,"11":9,"12":9,"14":9,"15":9,"16":9,"17":9,"18":9,"19":9,"21":9,"23":1},"branchMap":{"0":{"type":"branch","line":3,"loc":{"start":{"line":3,"column":20},"end":{"line":22,"column":2}},"locations":[{"start":{"line":3,"column":20},"end":{"line":22,"column":2}}]},"1":{"type":"branch","line":17,"loc":{"start":{"line":17,"column":10},"end":{"line":17,"column":37}},"locations":[{"start":{"line":17,"column":10},"end":{"line":17,"column":37}}]},"2":{"type":"branch","line":17,"loc":{"start":{"line":17,"column":19},"end":{"line":17,"column":52}},"locations":[{"start":{"line":17,"column":19},"end":{"line":17,"column":52}}]}},"b":{"0":[9],"1":[1],"2":[8]},"fnMap":{"0":{"name":"ThemeToggle","decl":{"start":{"line":3,"column":20},"end":{"line":22,"column":2}},"loc":{"start":{"line":3,"column":20},"end":{"line":22,"column":2}},"line":3}},"f":{"0":9}}
,"D:\\projects\\rs-school\\src\\components\\Footer\\Flyout.tsx": {"path":"D:\\projects\\rs-school\\src\\components\\Footer\\Flyout.tsx","all":false,"statementMap":{"0":{"start":{"line":1,"column":0},"end":{"line":1,"column":68}},"2":{"start":{"line":3,"column":0},"end":{"line":3,"column":60}},"4":{"start":{"line":5,"column":0},"end":{"line":5,"column":55}},"6":{"start":{"line":7,"column":0},"end":{"line":7,"column":26}},"7":{"start":{"line":8,"column":0},"end":{"line":8,"column":39}},"8":{"start":{"line":9,"column":0},"end":{"line":9,"column":57}},"9":{"start":{"line":10,"column":0},"end":{"line":10,"column":4}},"10":{"start":{"line":11,"column":0},"end":{"line":11,"column":33}},"12":{"start":{"line":13,"column":0},"end":{"line":13,"column":32}},"13":{"start":{"line":14,"column":0},"end":{"line":14,"column":61}},"14":{"start":{"line":15,"column":0},"end":{"line":15,"column":11}},"15":{"start":{"line":16,"column":0},"end":{"line":16,"column":62}},"16":{"start":{"line":17,"column":0},"end":{"line":17,"column":8}},"18":{"start":{"line":19,"column":0},"end":{"line":19,"column":66}},"19":{"start":{"line":20,"column":0},"end":{"line":20,"column":4}},"21":{"start":{"line":22,"column":0},"end":{"line":22,"column":35}},"22":{"start":{"line":23,"column":0},"end":{"line":23,"column":36}},"23":{"start":{"line":24,"column":0},"end":{"line":24,"column":4}},"25":{"start":{"line":26,"column":0},"end":{"line":26,"column":10}},"26":{"start":{"line":27,"column":0},"end":{"line":27,"column":8}},"27":{"start":{"line":28,"column":0},"end":{"line":28,"column":26}},"28":{"start":{"line":29,"column":0},"end":{"line":29,"column":305}},"30":{"start":{"line":31,"column":0},"end":{"line":31,"column":10}},"31":{"start":{"line":32,"column":0},"end":{"line":32,"column":82}},"33":{"start":{"line":34,"column":0},"end":{"line":34,"column":11}},"34":{"start":{"line":35,"column":0},"end":{"line":35,"column":13}},"35":{"start":{"line":36,"column":0},"end":{"line":36,"column":63}},"36":{"start":{"line":37,"column":0},"end":{"line":37,"column":21}},"37":{"start":{"line":38,"column":0},"end":{"line":38,"column":35}},"38":{"start":{"line":39,"column":0},"end":{"line":39,"column":7}},"40":{"start":{"line":41,"column":0},"end":{"line":41,"column":15}},"41":{"start":{"line":42,"column":0},"end":{"line":42,"column":13}},"42":{"start":{"line":43,"column":0},"end":{"line":43,"column":63}},"43":{"start":{"line":44,"column":0},"end":{"line":44,"column":21}},"44":{"start":{"line":45,"column":0},"end":{"line":45,"column":32}},"45":{"start":{"line":46,"column":0},"end":{"line":46,"column":7}},"47":{"start":{"line":48,"column":0},"end":{"line":48,"column":15}},"48":{"start":{"line":49,"column":0},"end":{"line":49,"column":10}},"50":{"start":{"line":51,"column":0},"end":{"line":51,"column":2}},"52":{"start":{"line":53,"column":0},"end":{"line":53,"column":22}}},"s":{"0":1,"2":1,"4":1,"6":1,"7":6,"8":6,"9":6,"10":6,"12":6,"13":1,"14":1,"15":1,"16":1,"18":1,"19":1,"21":6,"22":1,"23":1,"25":6,"26":6,"27":6,"28":6,"30":6,"31":6,"33":6,"34":6,"35":6,"36":6,"37":6,"38":6,"40":6,"41":6,"42":6,"43":6,"44":6,"45":6,"47":6,"48":6,"50":6,"52":1},"branchMap":{"0":{"type":"branch","line":7,"loc":{"start":{"line":7,"column":19},"end":{"line":51,"column":2}},"locations":[{"start":{"line":7,"column":19},"end":{"line":51,"column":2}}]},"1":{"type":"branch","line":29,"loc":{"start":{"line":29,"column":240},"end":{"line":29,"column":274}},"locations":[{"start":{"line":29,"column":240},"end":{"line":29,"column":274}}]},"2":{"type":"branch","line":29,"loc":{"start":{"line":29,"column":244},"end":{"line":29,"column":302}},"locations":[{"start":{"line":29,"column":244},"end":{"line":29,"column":302}}]},"3":{"type":"branch","line":32,"loc":{"start":{"line":32,"column":68},"end":{"line":32,"column":78}},"locations":[{"start":{"line":32,"column":68},"end":{"line":32,"column":78}}]},"4":{"type":"branch","line":9,"loc":{"start":{"line":9,"column":4},"end":{"line":9,"column":57}},"locations":[{"start":{"line":9,"column":4},"end":{"line":9,"column":57}}]},"5":{"type":"branch","line":13,"loc":{"start":{"line":13,"column":25},"end":{"line":20,"column":4}},"locations":[{"start":{"line":13,"column":25},"end":{"line":20,"column":4}}]},"6":{"type":"branch","line":14,"loc":{"start":{"line":14,"column":49},"end":{"line":17,"column":6}},"locations":[{"start":{"line":14,"column":49},"end":{"line":17,"column":6}}]},"7":{"type":"branch","line":22,"loc":{"start":{"line":22,"column":28},"end":{"line":24,"column":4}},"locations":[{"start":{"line":22,"column":28},"end":{"line":24,"column":4}}]}},"b":{"0":[6],"1":[3],"2":[3],"3":[3],"4":[12],"5":[1],"6":[1],"7":[1]},"fnMap":{"0":{"name":"Flyout","decl":{"start":{"line":7,"column":19},"end":{"line":51,"column":2}},"loc":{"start":{"line":7,"column":19},"end":{"line":51,"column":2}},"line":7},"1":{"name":"handleDownload","decl":{"start":{"line":13,"column":25},"end":{"line":20,"column":4}},"loc":{"start":{"line":13,"column":25},"end":{"line":20,"column":4}},"line":13},"2":{"name":"handleUnselectAll","decl":{"start":{"line":22,"column":28},"end":{"line":24,"column":4}},"loc":{"start":{"line":22,"column":28},"end":{"line":24,"column":4}},"line":22}},"f":{"0":6,"1":1,"2":1}}
,"D:\\projects\\rs-school\\src\\components\\Footer\\Footer.tsx": {"path":"D:\\projects\\rs-school\\src\\components\\Footer\\Footer.tsx","all":false,"statementMap":{"0":{"start":{"line":1,"column":0},"end":{"line":1,"column":51}},"1":{"start":{"line":2,"column":0},"end":{"line":2,"column":30}},"3":{"start":{"line":4,"column":0},"end":{"line":4,"column":22}},"4":{"start":{"line":5,"column":0},"end":{"line":5,"column":10}},"5":{"start":{"line":6,"column":0},"end":{"line":6,"column":33}},"6":{"start":{"line":7,"column":0},"end":{"line":7,"column":21}},"7":{"start":{"line":8,"column":0},"end":{"line":8,"column":16}},"8":{"start":{"line":9,"column":0},"end":{"line":9,"column":13}},"10":{"start":{"line":11,"column":0},"end":{"line":11,"column":2}},"12":{"start":{"line":13,"column":0},"end":{"line":13,"column":22}}},"s":{"0":1,"1":1,"3":1,"4":1,"5":1,"6":1,"7":1,"8":1,"10":1,"12":1},"branchMap":{"0":{"type":"branch","line":4,"loc":{"start":{"line":4,"column":15},"end":{"line":11,"column":2}},"locations":[{"start":{"line":4,"column":15},"end":{"line":11,"column":2}}]}},"b":{"0":[1]},"fnMap":{"0":{"name":"Footer","decl":{"start":{"line":4,"column":15},"end":{"line":11,"column":2}},"loc":{"start":{"line":4,"column":15},"end":{"line":11,"column":2}},"line":4}},"f":{"0":1}}
,"D:\\projects\\rs-school\\src\\components\\Header\\Header.tsx": {"path":"D:\\projects\\rs-school\\src\\components\\Header\\Header.tsx","all":false,"statementMap":{"1":{"start":{"line":2,"column":0},"end":{"line":2,"column":48}},"2":{"start":{"line":3,"column":0},"end":{"line":3,"column":41}},"9":{"start":{"line":10,"column":0},"end":{"line":10,"column":70}},"10":{"start":{"line":11,"column":0},"end":{"line":11,"column":10}},"11":{"start":{"line":12,"column":0},"end":{"line":12,"column":73}},"12":{"start":{"line":13,"column":0},"end":{"line":13,"column":72}},"13":{"start":{"line":14,"column":0},"end":{"line":14,"column":62}},"14":{"start":{"line":15,"column":0},"end":{"line":15,"column":66}},"15":{"start":{"line":16,"column":0},"end":{"line":16,"column":12}},"16":{"start":{"line":17,"column":0},"end":{"line":17,"column":40}},"17":{"start":{"line":18,"column":0},"end":{"line":18,"column":23}},"18":{"start":{"line":19,"column":0},"end":{"line":19,"column":12}},"19":{"start":{"line":20,"column":0},"end":{"line":20,"column":13}},"21":{"start":{"line":22,"column":0},"end":{"line":22,"column":2}},"23":{"start":{"line":24,"column":0},"end":{"line":24,"column":22}}},"s":{"1":1,"2":1,"9":1,"10":6,"11":6,"12":6,"13":6,"14":6,"15":6,"16":6,"17":6,"18":6,"19":6,"21":6,"23":1},"branchMap":{"0":{"type":"branch","line":10,"loc":{"start":{"line":10,"column":32},"end":{"line":22,"column":2}},"locations":[{"start":{"line":10,"column":32},"end":{"line":22,"column":2}}]}},"b":{"0":[6]},"fnMap":{"0":{"name":"Header","decl":{"start":{"line":10,"column":32},"end":{"line":22,"column":2}},"loc":{"start":{"line":10,"column":32},"end":{"line":22,"column":2}},"line":10}},"f":{"0":6}}
,"D:\\projects\\rs-school\\src\\components\\Header\\Search.tsx": {"path":"D:\\projects\\rs-school\\src\\components\\Header\\Search.tsx","all":false,"statementMap":{"0":{"start":{"line":1,"column":0},"end":{"line":1,"column":53}},"7":{"start":{"line":8,"column":0},"end":{"line":8,"column":76}},"8":{"start":{"line":9,"column":0},"end":{"line":9,"column":63}},"10":{"start":{"line":11,"column":0},"end":{"line":11,"column":71}},"11":{"start":{"line":12,"column":0},"end":{"line":12,"column":39}},"12":{"start":{"line":13,"column":0},"end":{"line":13,"column":4}},"14":{"start":{"line":15,"column":0},"end":{"line":15,"column":30}},"15":{"start":{"line":16,"column":0},"end":{"line":16,"column":26}},"16":{"start":{"line":17,"column":0},"end":{"line":17,"column":4}},"18":{"start":{"line":19,"column":0},"end":{"line":19,"column":10}},"19":{"start":{"line":20,"column":0},"end":{"line":20,"column":49}},"20":{"start":{"line":21,"column":0},"end":{"line":21,"column":12}},"21":{"start":{"line":22,"column":0},"end":{"line":22,"column":19}},"22":{"start":{"line":23,"column":0},"end":{"line":23,"column":34}},"23":{"start":{"line":24,"column":0},"end":{"line":24,"column":77}},"24":{"start":{"line":25,"column":0},"end":{"line":25,"column":35}},"25":{"start":{"line":26,"column":0},"end":{"line":26,"column":36}},"26":{"start":{"line":27,"column":0},"end":{"line":27,"column":27}},"27":{"start":{"line":28,"column":0},"end":{"line":28,"column":8}},"28":{"start":{"line":29,"column":0},"end":{"line":29,"column":13}},"29":{"start":{"line":30,"column":0},"end":{"line":30,"column":21}},"30":{"start":{"line":31,"column":0},"end":{"line":31,"column":35}},"31":{"start":{"line":32,"column":0},"end":{"line":32,"column":63}},"32":{"start":{"line":33,"column":0},"end":{"line":33,"column":30}},"33":{"start":{"line":34,"column":0},"end":{"line":34,"column":7}},"35":{"start":{"line":36,"column":0},"end":{"line":36,"column":15}},"36":{"start":{"line":37,"column":0},"end":{"line":37,"column":10}},"38":{"start":{"line":39,"column":0},"end":{"line":39,"column":2}},"40":{"start":{"line":41,"column":0},"end":{"line":41,"column":22}}},"s":{"0":1,"7":1,"8":8,"10":8,"11":2,"12":2,"14":8,"15":2,"16":2,"18":8,"19":8,"20":8,"21":8,"22":8,"23":8,"24":8,"25":8,"26":8,"27":8,"28":8,"29":8,"30":8,"31":8,"32":8,"33":8,"35":8,"36":8,"38":8,"40":1},"branchMap":{"0":{"type":"branch","line":8,"loc":{"start":{"line":8,"column":38},"end":{"line":39,"column":2}},"locations":[{"start":{"line":8,"column":38},"end":{"line":39,"column":2}}]},"1":{"type":"branch","line":11,"loc":{"start":{"line":11,"column":28},"end":{"line":13,"column":4}},"locations":[{"start":{"line":11,"column":28},"end":{"line":13,"column":4}}]},"2":{"type":"branch","line":15,"loc":{"start":{"line":15,"column":23},"end":{"line":17,"column":4}},"locations":[{"start":{"line":15,"column":23},"end":{"line":17,"column":4}}]}},"b":{"0":[8],"1":[2],"2":[2]},"fnMap":{"0":{"name":"Search","decl":{"start":{"line":8,"column":38},"end":{"line":39,"column":2}},"loc":{"start":{"line":8,"column":38},"end":{"line":39,"column":2}},"line":8},"1":{"name":"handleInputChange","decl":{"start":{"line":11,"column":28},"end":{"line":13,"column":4}},"loc":{"start":{"line":11,"column":28},"end":{"line":13,"column":4}},"line":11},"2":{"name":"handleSearch","decl":{"start":{"line":15,"column":23},"end":{"line":17,"column":4}},"loc":{"start":{"line":15,"column":23},"end":{"line":17,"column":4}},"line":15}},"f":{"0":8,"1":2,"2":2}}
,"D:\\projects\\rs-school\\src\\components\\Main\\Main.tsx": {"path":"D:\\projects\\rs-school\\src\\components\\Main\\Main.tsx","all":false,"statementMap":{"1":{"start":{"line":2,"column":0},"end":{"line":2,"column":56}},"2":{"start":{"line":3,"column":0},"end":{"line":3,"column":55}},"4":{"start":{"line":5,"column":0},"end":{"line":5,"column":54}},"5":{"start":{"line":6,"column":0},"end":{"line":6,"column":41}},"6":{"start":{"line":7,"column":0},"end":{"line":7,"column":47}},"7":{"start":{"line":8,"column":0},"end":{"line":8,"column":55}},"8":{"start":{"line":9,"column":0},"end":{"line":9,"column":39}},"14":{"start":{"line":15,"column":0},"end":{"line":15,"column":50}},"15":{"start":{"line":16,"column":0},"end":{"line":16,"column":60}},"16":{"start":{"line":17,"column":0},"end":{"line":17,"column":62}},"18":{"start":{"line":19,"column":0},"end":{"line":19,"column":67}},"19":{"start":{"line":20,"column":0},"end":{"line":20,"column":36}},"20":{"start":{"line":21,"column":0},"end":{"line":21,"column":16}},"21":{"start":{"line":22,"column":0},"end":{"line":22,"column":5}},"23":{"start":{"line":24,"column":0},"end":{"line":24,"column":78}},"25":{"start":{"line":26,"column":0},"end":{"line":26,"column":31}},"26":{"start":{"line":27,"column":0},"end":{"line":27,"column":37}},"27":{"start":{"line":28,"column":0},"end":{"line":28,"column":20}},"28":{"start":{"line":29,"column":0},"end":{"line":29,"column":8}},"29":{"start":{"line":30,"column":0},"end":{"line":30,"column":74}},"30":{"start":{"line":31,"column":0},"end":{"line":31,"column":13}},"31":{"start":{"line":32,"column":0},"end":{"line":32,"column":5}},"32":{"start":{"line":33,"column":0},"end":{"line":33,"column":37}},"33":{"start":{"line":34,"column":0},"end":{"line":34,"column":56}},"34":{"start":{"line":35,"column":0},"end":{"line":35,"column":45}},"35":{"start":{"line":36,"column":0},"end":{"line":36,"column":23}},"36":{"start":{"line":37,"column":0},"end":{"line":37,"column":7}},"37":{"start":{"line":38,"column":0},"end":{"line":38,"column":4}},"39":{"start":{"line":40,"column":0},"end":{"line":40,"column":66}},"40":{"start":{"line":41,"column":0},"end":{"line":41,"column":47}},"41":{"start":{"line":42,"column":0},"end":{"line":42,"column":39}},"42":{"start":{"line":43,"column":0},"end":{"line":43,"column":58}},"43":{"start":{"line":44,"column":0},"end":{"line":44,"column":36}},"44":{"start":{"line":45,"column":0},"end":{"line":45,"column":25}},"45":{"start":{"line":46,"column":0},"end":{"line":46,"column":9}},"46":{"start":{"line":47,"column":0},"end":{"line":47,"column":5}},"47":{"start":{"line":48,"column":0},"end":{"line":48,"column":4}},"49":{"start":{"line":50,"column":0},"end":{"line":50,"column":18}},"50":{"start":{"line":51,"column":0},"end":{"line":51,"column":22}},"51":{"start":{"line":52,"column":0},"end":{"line":52,"column":3}},"53":{"start":{"line":54,"column":0},"end":{"line":54,"column":16}},"54":{"start":{"line":55,"column":0},"end":{"line":55,"column":61}},"55":{"start":{"line":56,"column":0},"end":{"line":56,"column":3}},"57":{"start":{"line":58,"column":0},"end":{"line":58,"column":29}},"58":{"start":{"line":59,"column":0},"end":{"line":59,"column":25}},"59":{"start":{"line":60,"column":0},"end":{"line":60,"column":3}},"61":{"start":{"line":62,"column":0},"end":{"line":62,"column":10}},"62":{"start":{"line":63,"column":0},"end":{"line":63,"column":50}},"63":{"start":{"line":64,"column":0},"end":{"line":64,"column":67}},"64":{"start":{"line":65,"column":0},"end":{"line":65,"column":20}},"65":{"start":{"line":66,"column":0},"end":{"line":66,"column":27}},"66":{"start":{"line":67,"column":0},"end":{"line":67,"column":46}},"67":{"start":{"line":68,"column":0},"end":{"line":68,"column":47}},"69":{"start":{"line":70,"column":0},"end":{"line":70,"column":35}},"70":{"start":{"line":71,"column":0},"end":{"line":71,"column":10}},"71":{"start":{"line":72,"column":0},"end":{"line":72,"column":46}},"72":{"start":{"line":73,"column":0},"end":{"line":73,"column":13}},"73":{"start":{"line":74,"column":0},"end":{"line":74,"column":39}},"74":{"start":{"line":75,"column":0},"end":{"line":75,"column":47}},"75":{"start":{"line":76,"column":0},"end":{"line":76,"column":20}},"76":{"start":{"line":77,"column":0},"end":{"line":77,"column":16}},"78":{"start":{"line":79,"column":0},"end":{"line":79,"column":10}},"80":{"start":{"line":81,"column":0},"end":{"line":81,"column":2}},"82":{"start":{"line":83,"column":0},"end":{"line":83,"column":20}}},"s":{"1":1,"2":1,"4":1,"5":1,"6":1,"7":1,"8":1,"14":1,"15":10,"16":10,"18":10,"19":10,"20":10,"21":10,"23":10,"25":10,"26":3,"27":3,"28":3,"29":3,"30":1,"31":1,"32":2,"33":1,"34":1,"35":1,"36":2,"37":3,"39":10,"40":5,"41":2,"42":1,"43":1,"44":1,"45":2,"46":2,"47":5,"49":10,"50":1,"51":1,"53":10,"54":1,"55":1,"57":10,"58":1,"59":1,"61":7,"62":7,"63":7,"64":7,"65":7,"66":7,"67":3,"69":7,"70":7,"71":7,"72":7,"73":7,"74":2,"75":2,"76":2,"78":10,"80":10,"82":1},"branchMap":{"0":{"type":"branch","line":15,"loc":{"start":{"line":15,"column":28},"end":{"line":81,"column":2}},"locations":[{"start":{"line":15,"column":28},"end":{"line":81,"column":2}}]},"1":{"type":"branch","line":24,"loc":{"start":{"line":24,"column":41},"end":{"line":24,"column":78}},"locations":[{"start":{"line":24,"column":41},"end":{"line":24,"column":78}}]},"2":{"type":"branch","line":50,"loc":{"start":{"line":50,"column":17},"end":{"line":52,"column":3}},"locations":[{"start":{"line":50,"column":17},"end":{"line":52,"column":3}}]},"3":{"type":"branch","line":52,"loc":{"start":{"line":52,"column":2},"end":{"line":54,"column":15}},"locations":[{"start":{"line":52,"column":2},"end":{"line":54,"column":15}}]},"4":{"type":"branch","line":54,"loc":{"start":{"line":54,"column":15},"end":{"line":56,"column":3}},"locations":[{"start":{"line":54,"column":15},"end":{"line":56,"column":3}}]},"5":{"type":"branch","line":56,"loc":{"start":{"line":56,"column":2},"end":{"line":58,"column":28}},"locations":[{"start":{"line":56,"column":2},"end":{"line":58,"column":28}}]},"6":{"type":"branch","line":58,"loc":{"start":{"line":58,"column":28},"end":{"line":60,"column":3}},"locations":[{"start":{"line":58,"column":28},"end":{"line":60,"column":3}}]},"7":{"type":"branch","line":60,"loc":{"start":{"line":60,"column":2},"end":{"line":74,"column":39}},"locations":[{"start":{"line":60,"column":2},"end":{"line":74,"column":39}}]},"8":{"type":"branch","line":74,"loc":{"start":{"line":74,"column":33},"end":{"line":77,"column":16}},"locations":[{"start":{"line":74,"column":33},"end":{"line":77,"column":16}}]},"9":{"type":"branch","line":26,"loc":{"start":{"line":26,"column":30},"end":{"line":38,"column":4}},"locations":[{"start":{"line":26,"column":30},"end":{"line":38,"column":4}}]},"10":{"type":"branch","line":30,"loc":{"start":{"line":30,"column":73},"end":{"line":32,"column":5}},"locations":[{"start":{"line":30,"column":73},"end":{"line":32,"column":5}}]},"11":{"type":"branch","line":32,"loc":{"start":{"line":32,"column":4},"end":{"line":37,"column":7}},"locations":[{"start":{"line":32,"column":4},"end":{"line":37,"column":7}}]},"12":{"type":"branch","line":33,"loc":{"start":{"line":33,"column":20},"end":{"line":37,"column":5}},"locations":[{"start":{"line":33,"column":20},"end":{"line":37,"column":5}}]},"13":{"type":"branch","line":40,"loc":{"start":{"line":40,"column":24},"end":{"line":48,"column":4}},"locations":[{"start":{"line":40,"column":24},"end":{"line":48,"column":4}}]},"14":{"type":"branch","line":41,"loc":{"start":{"line":41,"column":46},"end":{"line":47,"column":5}},"locations":[{"start":{"line":41,"column":46},"end":{"line":47,"column":5}}]},"15":{"type":"branch","line":42,"loc":{"start":{"line":42,"column":22},"end":{"line":46,"column":7}},"locations":[{"start":{"line":42,"column":22},"end":{"line":46,"column":7}}]},"16":{"type":"branch","line":67,"loc":{"start":{"line":67,"column":27},"end":{"line":68,"column":47}},"locations":[{"start":{"line":67,"column":27},"end":{"line":68,"column":47}}]}},"b":{"0":[10],"1":[2],"2":[1],"3":[9],"4":[1],"5":[8],"6":[1],"7":[7],"8":[2],"9":[3],"10":[1],"11":[2],"12":[1],"13":[5],"14":[2],"15":[1],"16":[3]},"fnMap":{"0":{"name":"Main","decl":{"start":{"line":15,"column":28},"end":{"line":81,"column":2}},"loc":{"start":{"line":15,"column":28},"end":{"line":81,"column":2}},"line":15},"1":{"name":"handleSelectPokemon","decl":{"start":{"line":26,"column":30},"end":{"line":38,"column":4}},"loc":{"start":{"line":26,"column":30},"end":{"line":38,"column":4}},"line":26},"2":{"name":"handleUlClick","decl":{"start":{"line":40,"column":24},"end":{"line":48,"column":4}},"loc":{"start":{"line":40,"column":24},"end":{"line":48,"column":4}},"line":40},"3":{"name":"onSelectPokemon","decl":{"start":{"line":67,"column":27},"end":{"line":68,"column":47}},"loc":{"start":{"line":67,"column":27},"end":{"line":68,"column":47}},"line":67}},"f":{"0":10,"1":3,"2":5,"3":3}}
,"D:\\projects\\rs-school\\src\\components\\Main\\Pagination.tsx": {"path":"D:\\projects\\rs-school\\src\\components\\Main\\Pagination.tsx","all":false,"statementMap":{"0":{"start":{"line":1,"column":0},"end":{"line":1,"column":47}},"6":{"start":{"line":7,"column":0},"end":{"line":7,"column":57}},"7":{"start":{"line":8,"column":0},"end":{"line":8,"column":60}},"8":{"start":{"line":9,"column":0},"end":{"line":9,"column":53}},"9":{"start":{"line":10,"column":0},"end":{"line":10,"column":52}},"11":{"start":{"line":12,"column":0},"end":{"line":12,"column":49}},"12":{"start":{"line":13,"column":0},"end":{"line":13,"column":47}},"13":{"start":{"line":14,"column":0},"end":{"line":14,"column":39}},"14":{"start":{"line":15,"column":0},"end":{"line":15,"column":58}},"15":{"start":{"line":16,"column":0},"end":{"line":16,"column":22}},"16":{"start":{"line":17,"column":0},"end":{"line":17,"column":44}},"17":{"start":{"line":18,"column":0},"end":{"line":18,"column":9}},"18":{"start":{"line":19,"column":0},"end":{"line":19,"column":50}},"19":{"start":{"line":20,"column":0},"end":{"line":20,"column":25}},"20":{"start":{"line":21,"column":0},"end":{"line":21,"column":9}},"21":{"start":{"line":22,"column":0},"end":{"line":22,"column":5}},"22":{"start":{"line":23,"column":0},"end":{"line":23,"column":4}},"24":{"start":{"line":25,"column":0},"end":{"line":25,"column":10}},"25":{"start":{"line":26,"column":0},"end":{"line":26,"column":76}},"26":{"start":{"line":27,"column":0},"end":{"line":27,"column":13}},"27":{"start":{"line":28,"column":0},"end":{"line":28,"column":21}},"28":{"start":{"line":29,"column":0},"end":{"line":29,"column":74}},"29":{"start":{"line":30,"column":0},"end":{"line":30,"column":20}},"30":{"start":{"line":31,"column":0},"end":{"line":31,"column":50}},"31":{"start":{"line":32,"column":0},"end":{"line":32,"column":64}},"32":{"start":{"line":33,"column":0},"end":{"line":33,"column":11}},"33":{"start":{"line":34,"column":0},"end":{"line":34,"column":29}},"34":{"start":{"line":35,"column":0},"end":{"line":35,"column":50}},"36":{"start":{"line":37,"column":0},"end":{"line":37,"column":13}},"37":{"start":{"line":38,"column":0},"end":{"line":38,"column":15}},"38":{"start":{"line":39,"column":0},"end":{"line":39,"column":42}},"39":{"start":{"line":40,"column":0},"end":{"line":40,"column":29}},"40":{"start":{"line":41,"column":0},"end":{"line":41,"column":13}},"41":{"start":{"line":42,"column":0},"end":{"line":42,"column":13}},"42":{"start":{"line":43,"column":0},"end":{"line":43,"column":74}},"43":{"start":{"line":44,"column":0},"end":{"line":44,"column":29}},"44":{"start":{"line":45,"column":0},"end":{"line":45,"column":50}},"45":{"start":{"line":46,"column":0},"end":{"line":46,"column":64}},"46":{"start":{"line":47,"column":0},"end":{"line":47,"column":11}},"47":{"start":{"line":48,"column":0},"end":{"line":48,"column":38}},"48":{"start":{"line":49,"column":0},"end":{"line":49,"column":50}},"50":{"start":{"line":51,"column":0},"end":{"line":51,"column":13}},"51":{"start":{"line":52,"column":0},"end":{"line":52,"column":15}},"52":{"start":{"line":53,"column":0},"end":{"line":53,"column":10}},"54":{"start":{"line":55,"column":0},"end":{"line":55,"column":2}},"56":{"start":{"line":57,"column":0},"end":{"line":57,"column":26}}},"s":{"0":1,"6":1,"7":14,"8":14,"9":14,"11":14,"12":4,"13":4,"14":4,"15":4,"16":4,"17":4,"18":4,"19":4,"20":4,"21":4,"22":4,"24":14,"25":14,"26":14,"27":14,"28":14,"29":14,"30":10,"31":4,"32":14,"33":14,"34":14,"36":14,"37":14,"38":14,"39":14,"40":14,"41":14,"42":14,"43":14,"44":6,"45":8,"46":14,"47":14,"48":14,"50":14,"51":14,"52":14,"54":14,"56":1},"branchMap":{"0":{"type":"branch","line":7,"loc":{"start":{"line":7,"column":19},"end":{"line":55,"column":2}},"locations":[{"start":{"line":7,"column":19},"end":{"line":55,"column":2}}]},"1":{"type":"branch","line":9,"loc":{"start":{"line":9,"column":46},"end":{"line":9,"column":53}},"locations":[{"start":{"line":9,"column":46},"end":{"line":9,"column":53}}]},"2":{"type":"branch","line":10,"loc":{"start":{"line":10,"column":44},"end":{"line":10,"column":52}},"locations":[{"start":{"line":10,"column":44},"end":{"line":10,"column":52}}]},"3":{"type":"branch","line":30,"loc":{"start":{"line":30,"column":19},"end":{"line":31,"column":50}},"locations":[{"start":{"line":30,"column":19},"end":{"line":31,"column":50}}]},"4":{"type":"branch","line":31,"loc":{"start":{"line":31,"column":14},"end":{"line":32,"column":64}},"locations":[{"start":{"line":31,"column":14},"end":{"line":32,"column":64}}]},"5":{"type":"branch","line":44,"loc":{"start":{"line":44,"column":19},"end":{"line":45,"column":50}},"locations":[{"start":{"line":44,"column":19},"end":{"line":45,"column":50}}]},"6":{"type":"branch","line":45,"loc":{"start":{"line":45,"column":14},"end":{"line":46,"column":64}},"locations":[{"start":{"line":45,"column":14},"end":{"line":46,"column":64}}]},"7":{"type":"branch","line":12,"loc":{"start":{"line":12,"column":27},"end":{"line":23,"column":4}},"locations":[{"start":{"line":12,"column":27},"end":{"line":23,"column":4}}]},"8":{"type":"branch","line":14,"loc":{"start":{"line":14,"column":22},"end":{"line":21,"column":7}},"locations":[{"start":{"line":14,"column":22},"end":{"line":21,"column":7}}]},"9":{"type":"branch","line":35,"loc":{"start":{"line":35,"column":17},"end":{"line":35,"column":50}},"locations":[{"start":{"line":35,"column":17},"end":{"line":35,"column":50}}]},"10":{"type":"branch","line":49,"loc":{"start":{"line":49,"column":17},"end":{"line":49,"column":50}},"locations":[{"start":{"line":49,"column":17},"end":{"line":49,"column":50}}]}},"b":{"0":[14],"1":[7],"2":[5],"3":[10],"4":[4],"5":[6],"6":[8],"7":[4],"8":[4],"9":[2],"10":[2]},"fnMap":{"0":{"name":"Pagination","decl":{"start":{"line":7,"column":19},"end":{"line":55,"column":2}},"loc":{"start":{"line":7,"column":19},"end":{"line":55,"column":2}},"line":7},"1":{"name":"handlePageChange","decl":{"start":{"line":12,"column":27},"end":{"line":23,"column":4}},"loc":{"start":{"line":12,"column":27},"end":{"line":23,"column":4}},"line":12},"2":{"name":"onClick","decl":{"start":{"line":35,"column":17},"end":{"line":35,"column":50}},"loc":{"start":{"line":35,"column":17},"end":{"line":35,"column":50}},"line":35},"3":{"name":"onClick","decl":{"start":{"line":49,"column":17},"end":{"line":49,"column":50}},"loc":{"start":{"line":49,"column":17},"end":{"line":49,"column":50}},"line":49}},"f":{"0":14,"1":4,"2":2,"3":2}}
,"D:\\projects\\rs-school\\src\\components\\Main\\PokemonCard.tsx": {"path":"D:\\projects\\rs-school\\src\\components\\Main\\PokemonCard.tsx","all":false,"statementMap":{"9":{"start":{"line":10,"column":0},"end":{"line":10,"column":50}},"10":{"start":{"line":11,"column":0},"end":{"line":11,"column":7}},"11":{"start":{"line":12,"column":0},"end":{"line":12,"column":14}},"12":{"start":{"line":13,"column":0},"end":{"line":13,"column":8}},"13":{"start":{"line":14,"column":0},"end":{"line":14,"column":13}},"14":{"start":{"line":15,"column":0},"end":{"line":15,"column":10}},"15":{"start":{"line":16,"column":0},"end":{"line":16,"column":11}},"16":{"start":{"line":17,"column":0},"end":{"line":17,"column":7}},"17":{"start":{"line":18,"column":0},"end":{"line":18,"column":10}},"18":{"start":{"line":19,"column":0},"end":{"line":19,"column":7}},"19":{"start":{"line":20,"column":0},"end":{"line":20,"column":23}},"20":{"start":{"line":21,"column":0},"end":{"line":21,"column":134}},"22":{"start":{"line":23,"column":0},"end":{"line":23,"column":10}},"23":{"start":{"line":24,"column":0},"end":{"line":24,"column":19}},"24":{"start":{"line":25,"column":0},"end":{"line":25,"column":18}},"25":{"start":{"line":26,"column":0},"end":{"line":26,"column":19}},"26":{"start":{"line":27,"column":0},"end":{"line":27,"column":20}},"27":{"start":{"line":28,"column":0},"end":{"line":28,"column":27}},"28":{"start":{"line":29,"column":0},"end":{"line":29,"column":8}},"29":{"start":{"line":30,"column":0},"end":{"line":30,"column":56}},"30":{"start":{"line":31,"column":0},"end":{"line":31,"column":54}},"31":{"start":{"line":32,"column":0},"end":{"line":32,"column":14}},"32":{"start":{"line":33,"column":0},"end":{"line":33,"column":25}},"33":{"start":{"line":34,"column":0},"end":{"line":34,"column":30}},"34":{"start":{"line":35,"column":0},"end":{"line":35,"column":29}},"35":{"start":{"line":36,"column":0},"end":{"line":36,"column":162}},"37":{"start":{"line":38,"column":0},"end":{"line":38,"column":10}},"38":{"start":{"line":39,"column":0},"end":{"line":39,"column":12}},"39":{"start":{"line":40,"column":0},"end":{"line":40,"column":26}},"40":{"start":{"line":41,"column":0},"end":{"line":41,"column":9}},"42":{"start":{"line":43,"column":0},"end":{"line":43,"column":2}},"44":{"start":{"line":45,"column":0},"end":{"line":45,"column":27}}},"s":{"9":1,"10":27,"11":27,"12":27,"13":27,"14":27,"15":27,"16":27,"17":27,"18":27,"19":27,"20":27,"22":27,"23":27,"24":27,"25":27,"26":27,"27":27,"28":27,"29":27,"30":27,"31":27,"32":27,"33":27,"34":27,"35":27,"37":27,"38":27,"39":27,"40":27,"42":27,"44":1},"branchMap":{"0":{"type":"branch","line":10,"loc":{"start":{"line":10,"column":48},"end":{"line":43,"column":2}},"locations":[{"start":{"line":10,"column":48},"end":{"line":43,"column":2}}]}},"b":{"0":[27]},"fnMap":{"0":{"name":"PokemonCard","decl":{"start":{"line":10,"column":48},"end":{"line":43,"column":2}},"loc":{"start":{"line":10,"column":48},"end":{"line":43,"column":2}},"line":10}},"f":{"0":27}}
,"D:\\projects\\rs-school\\src\\components\\Main\\PokemonCardDetails.tsx": {"path":"D:\\projects\\rs-school\\src\\components\\Main\\PokemonCardDetails.tsx","all":false,"statementMap":{"2":{"start":{"line":3,"column":0},"end":{"line":3,"column":56}},"8":{"start":{"line":9,"column":0},"end":{"line":9,"column":74}},"9":{"start":{"line":10,"column":0},"end":{"line":10,"column":33}},"10":{"start":{"line":11,"column":0},"end":{"line":11,"column":33}},"12":{"start":{"line":13,"column":0},"end":{"line":13,"column":29}},"13":{"start":{"line":14,"column":0},"end":{"line":14,"column":63}},"14":{"start":{"line":15,"column":0},"end":{"line":15,"column":36}},"15":{"start":{"line":16,"column":0},"end":{"line":16,"column":66}},"16":{"start":{"line":17,"column":0},"end":{"line":17,"column":20}},"17":{"start":{"line":18,"column":0},"end":{"line":18,"column":7}},"18":{"start":{"line":19,"column":0},"end":{"line":19,"column":4}},"20":{"start":{"line":21,"column":0},"end":{"line":21,"column":10}},"21":{"start":{"line":22,"column":0},"end":{"line":22,"column":84}},"22":{"start":{"line":23,"column":0},"end":{"line":23,"column":13}},"23":{"start":{"line":24,"column":0},"end":{"line":24,"column":29}},"24":{"start":{"line":25,"column":0},"end":{"line":25,"column":87}},"25":{"start":{"line":26,"column":0},"end":{"line":26,"column":26}},"26":{"start":{"line":27,"column":0},"end":{"line":27,"column":7}},"28":{"start":{"line":29,"column":0},"end":{"line":29,"column":15}},"29":{"start":{"line":30,"column":0},"end":{"line":30,"column":60}},"30":{"start":{"line":31,"column":0},"end":{"line":31,"column":10}},"31":{"start":{"line":32,"column":0},"end":{"line":32,"column":27}},"32":{"start":{"line":33,"column":0},"end":{"line":33,"column":26}},"33":{"start":{"line":34,"column":0},"end":{"line":34,"column":65}},"34":{"start":{"line":35,"column":0},"end":{"line":35,"column":8}},"35":{"start":{"line":36,"column":0},"end":{"line":36,"column":26}},"36":{"start":{"line":37,"column":0},"end":{"line":37,"column":51}},"37":{"start":{"line":38,"column":0},"end":{"line":38,"column":10}},"38":{"start":{"line":39,"column":0},"end":{"line":39,"column":9}},"39":{"start":{"line":40,"column":0},"end":{"line":40,"column":52}},"40":{"start":{"line":41,"column":0},"end":{"line":41,"column":10}},"41":{"start":{"line":42,"column":0},"end":{"line":42,"column":9}},"42":{"start":{"line":43,"column":0},"end":{"line":43,"column":45}},"43":{"start":{"line":44,"column":0},"end":{"line":44,"column":10}},"44":{"start":{"line":45,"column":0},"end":{"line":45,"column":9}},"45":{"start":{"line":46,"column":0},"end":{"line":46,"column":66}},"46":{"start":{"line":47,"column":0},"end":{"line":47,"column":10}},"47":{"start":{"line":48,"column":0},"end":{"line":48,"column":14}},"49":{"start":{"line":50,"column":0},"end":{"line":50,"column":2}},"51":{"start":{"line":52,"column":0},"end":{"line":52,"column":34}}},"s":{"2":1,"8":1,"9":3,"10":3,"12":3,"13":2,"14":2,"15":2,"16":2,"17":2,"18":2,"20":3,"21":3,"22":3,"23":3,"24":3,"25":3,"26":3,"28":3,"29":3,"30":3,"31":3,"32":3,"33":3,"34":3,"35":3,"36":3,"37":3,"38":3,"39":3,"40":3,"41":3,"42":3,"43":3,"44":3,"45":3,"46":3,"47":3,"49":3,"51":1},"branchMap":{"0":{"type":"branch","line":9,"loc":{"start":{"line":9,"column":56},"end":{"line":50,"column":2}},"locations":[{"start":{"line":9,"column":56},"end":{"line":50,"column":2}}]},"1":{"type":"branch","line":13,"loc":{"start":{"line":13,"column":22},"end":{"line":19,"column":4}},"locations":[{"start":{"line":13,"column":22},"end":{"line":19,"column":4}}]}},"b":{"0":[3],"1":[2]},"fnMap":{"0":{"name":"PokemonCardDetails","decl":{"start":{"line":9,"column":56},"end":{"line":50,"column":2}},"loc":{"start":{"line":9,"column":56},"end":{"line":50,"column":2}},"line":9},"1":{"name":"handleClose","decl":{"start":{"line":13,"column":22},"end":{"line":19,"column":4}},"loc":{"start":{"line":13,"column":22},"end":{"line":19,"column":4}},"line":13}},"f":{"0":3,"1":2}}
,"D:\\projects\\rs-school\\src\\components\\Main\\PokemonList.tsx": {"path":"D:\\projects\\rs-school\\src\\components\\Main\\PokemonList.tsx","all":false,"statementMap":{"0":{"start":{"line":1,"column":0},"end":{"line":1,"column":56}},"1":{"start":{"line":2,"column":0},"end":{"line":2,"column":62}},"4":{"start":{"line":5,"column":0},"end":{"line":5,"column":55}},"15":{"start":{"line":16,"column":0},"end":{"line":16,"column":46}},"16":{"start":{"line":17,"column":0},"end":{"line":17,"column":10}},"17":{"start":{"line":18,"column":0},"end":{"line":18,"column":18}},"18":{"start":{"line":19,"column":0},"end":{"line":19,"column":12}},"19":{"start":{"line":20,"column":0},"end":{"line":20,"column":7}},"20":{"start":{"line":21,"column":0},"end":{"line":21,"column":33}},"21":{"start":{"line":22,"column":0},"end":{"line":22,"column":39}},"22":{"start":{"line":23,"column":0},"end":{"line":23,"column":57}},"23":{"start":{"line":24,"column":0},"end":{"line":24,"column":4}},"25":{"start":{"line":26,"column":0},"end":{"line":26,"column":10}},"26":{"start":{"line":27,"column":0},"end":{"line":27,"column":7}},"27":{"start":{"line":28,"column":0},"end":{"line":28,"column":32}},"28":{"start":{"line":29,"column":0},"end":{"line":29,"column":74}},"29":{"start":{"line":30,"column":0},"end":{"line":30,"column":25}},"31":{"start":{"line":32,"column":0},"end":{"line":32,"column":40}},"32":{"start":{"line":33,"column":0},"end":{"line":33,"column":20}},"33":{"start":{"line":34,"column":0},"end":{"line":34,"column":21}},"34":{"start":{"line":35,"column":0},"end":{"line":35,"column":22}},"35":{"start":{"line":36,"column":0},"end":{"line":36,"column":62}},"36":{"start":{"line":37,"column":0},"end":{"line":37,"column":62}},"37":{"start":{"line":38,"column":0},"end":{"line":38,"column":64}},"38":{"start":{"line":39,"column":0},"end":{"line":39,"column":10}},"39":{"start":{"line":40,"column":0},"end":{"line":40,"column":9}},"40":{"start":{"line":41,"column":0},"end":{"line":41,"column":9}},"42":{"start":{"line":43,"column":0},"end":{"line":43,"column":2}},"44":{"start":{"line":45,"column":0},"end":{"line":45,"column":27}}},"s":{"0":1,"1":1,"4":1,"15":1,"16":15,"17":15,"18":15,"19":15,"20":15,"21":15,"22":15,"23":15,"25":15,"26":15,"27":15,"28":15,"29":15,"31":15,"32":22,"33":22,"34":22,"35":22,"36":22,"37":22,"38":22,"39":15,"40":15,"42":15,"44":1},"branchMap":{"0":{"type":"branch","line":16,"loc":{"start":{"line":16,"column":44},"end":{"line":43,"column":2}},"locations":[{"start":{"line":16,"column":44},"end":{"line":43,"column":2}}]},"1":{"type":"branch","line":23,"loc":{"start":{"line":23,"column":4},"end":{"line":23,"column":57}},"locations":[{"start":{"line":23,"column":4},"end":{"line":23,"column":57}}]},"2":{"type":"branch","line":32,"loc":{"start":{"line":32,"column":19},"end":{"line":39,"column":10}},"locations":[{"start":{"line":32,"column":19},"end":{"line":39,"column":10}}]},"3":{"type":"branch","line":37,"loc":{"start":{"line":37,"column":19},"end":{"line":37,"column":62}},"locations":[{"start":{"line":37,"column":19},"end":{"line":37,"column":62}}]},"4":{"type":"branch","line":38,"loc":{"start":{"line":38,"column":20},"end":{"line":38,"column":64}},"locations":[{"start":{"line":38,"column":20},"end":{"line":38,"column":64}}]}},"b":{"0":[15],"1":[31],"2":[22],"3":[5],"4":[2]},"fnMap":{"0":{"name":"PokemonList","decl":{"start":{"line":16,"column":44},"end":{"line":43,"column":2}},"loc":{"start":{"line":16,"column":44},"end":{"line":43,"column":2}},"line":16},"1":{"name":"onClick","decl":{"start":{"line":37,"column":19},"end":{"line":37,"column":62}},"loc":{"start":{"line":37,"column":19},"end":{"line":37,"column":62}},"line":37},"2":{"name":"onSelect","decl":{"start":{"line":38,"column":20},"end":{"line":38,"column":64}},"loc":{"start":{"line":38,"column":20},"end":{"line":38,"column":64}},"line":38}},"f":{"0":15,"1":5,"2":2}}
,"D:\\projects\\rs-school\\src\\context\\ThemeContext.tsx": {"path":"D:\\projects\\rs-school\\src\\context\\ThemeContext.tsx","all":false,"statementMap":{"0":{"start":{"line":1,"column":0},"end":{"line":1,"column":55}},"1":{"start":{"line":2,"column":0},"end":{"line":2,"column":49}},"3":{"start":{"line":4,"column":0},"end":{"line":4,"column":73}},"4":{"start":{"line":5,"column":0},"end":{"line":5,"column":51}},"5":{"start":{"line":6,"column":0},"end":{"line":6,"column":62}},"6":{"start":{"line":7,"column":0},"end":{"line":7,"column":33}},"7":{"start":{"line":8,"column":0},"end":{"line":8,"column":5}},"9":{"start":{"line":10,"column":0},"end":{"line":10,"column":19}},"10":{"start":{"line":11,"column":0},"end":{"line":11,"column":72}},"11":{"start":{"line":12,"column":0},"end":{"line":12,"column":41}},"12":{"start":{"line":13,"column":0},"end":{"line":13,"column":14}},"14":{"start":{"line":15,"column":0},"end":{"line":15,"column":29}},"15":{"start":{"line":16,"column":0},"end":{"line":16,"column":62}},"16":{"start":{"line":17,"column":0},"end":{"line":17,"column":4}},"18":{"start":{"line":19,"column":0},"end":{"line":19,"column":10}},"19":{"start":{"line":20,"column":0},"end":{"line":20,"column":58}},"20":{"start":{"line":21,"column":0},"end":{"line":21,"column":16}},"21":{"start":{"line":22,"column":0},"end":{"line":22,"column":28}},"23":{"start":{"line":24,"column":0},"end":{"line":24,"column":2}}},"s":{"0":1,"1":1,"3":1,"4":13,"5":9,"6":9,"7":13,"9":13,"10":13,"11":13,"12":13,"14":13,"15":4,"16":4,"18":13,"19":13,"20":13,"21":13,"23":13},"branchMap":{"0":{"type":"branch","line":4,"loc":{"start":{"line":4,"column":29},"end":{"line":24,"column":2}},"locations":[{"start":{"line":4,"column":29},"end":{"line":24,"column":2}}]},"1":{"type":"branch","line":5,"loc":{"start":{"line":5,"column":44},"end":{"line":8,"column":3}},"locations":[{"start":{"line":5,"column":44},"end":{"line":8,"column":3}}]},"2":{"type":"branch","line":7,"loc":{"start":{"line":7,"column":11},"end":{"line":7,"column":33}},"locations":[{"start":{"line":7,"column":11},"end":{"line":7,"column":33}}]},"3":{"type":"branch","line":10,"loc":{"start":{"line":10,"column":12},"end":{"line":13,"column":5}},"locations":[{"start":{"line":10,"column":12},"end":{"line":13,"column":5}}]},"4":{"type":"branch","line":15,"loc":{"start":{"line":15,"column":22},"end":{"line":17,"column":4}},"locations":[{"start":{"line":15,"column":22},"end":{"line":17,"column":4}}]},"5":{"type":"branch","line":16,"loc":{"start":{"line":16,"column":13},"end":{"line":16,"column":60}},"locations":[{"start":{"line":16,"column":13},"end":{"line":16,"column":60}}]},"6":{"type":"branch","line":16,"loc":{"start":{"line":16,"column":33},"end":{"line":16,"column":52}},"locations":[{"start":{"line":16,"column":33},"end":{"line":16,"column":52}}]},"7":{"type":"branch","line":16,"loc":{"start":{"line":16,"column":43},"end":{"line":16,"column":60}},"locations":[{"start":{"line":16,"column":43},"end":{"line":16,"column":60}}]}},"b":{"0":[13],"1":[9],"2":[4],"3":[13],"4":[4],"5":[4],"6":[2],"7":[2]},"fnMap":{"0":{"name":"ThemeProvider","decl":{"start":{"line":4,"column":29},"end":{"line":24,"column":2}},"loc":{"start":{"line":4,"column":29},"end":{"line":24,"column":2}},"line":4},"1":{"name":"toggleTheme","decl":{"start":{"line":15,"column":22},"end":{"line":17,"column":4}},"loc":{"start":{"line":15,"column":22},"end":{"line":17,"column":4}},"line":15}},"f":{"0":13,"1":4}}
,"D:\\projects\\rs-school\\src\\context\\useTheme.tsx": {"path":"D:\\projects\\rs-school\\src\\context\\useTheme.tsx","all":false,"statementMap":{"0":{"start":{"line":1,"column":0},"end":{"line":1,"column":50}},"9":{"start":{"line":10,"column":0},"end":{"line":10,"column":73}},"11":{"start":{"line":12,"column":0},"end":{"line":12,"column":31}},"12":{"start":{"line":13,"column":0},"end":{"line":13,"column":43}},"13":{"start":{"line":14,"column":0},"end":{"line":14,"column":65}},"14":{"start":{"line":15,"column":0},"end":{"line":15,"column":17}},"15":{"start":{"line":16,"column":0},"end":{"line":16,"column":2}}},"s":{"0":1,"9":1,"11":1,"12":18,"13":18,"14":13,"15":13},"branchMap":{"0":{"type":"branch","line":12,"loc":{"start":{"line":12,"column":24},"end":{"line":16,"column":2}},"locations":[{"start":{"line":12,"column":24},"end":{"line":16,"column":2}}]},"1":{"type":"branch","line":14,"loc":{"start":{"line":14,"column":16},"end":{"line":14,"column":65}},"locations":[{"start":{"line":14,"column":16},"end":{"line":14,"column":65}}]},"2":{"type":"branch","line":14,"loc":{"start":{"line":14,"column":63},"end":{"line":16,"column":2}},"locations":[{"start":{"line":14,"column":63},"end":{"line":16,"column":2}}]}},"b":{"0":[18],"1":[4],"2":[13]},"fnMap":{"0":{"name":"useTheme","decl":{"start":{"line":12,"column":24},"end":{"line":16,"column":2}},"loc":{"start":{"line":12,"column":24},"end":{"line":16,"column":2}},"line":12}},"f":{"0":18}}
,"D:\\projects\\rs-school\\src\\hooks\\useSearchQuery.tsx": {"path":"D:\\projects\\rs-school\\src\\hooks\\useSearchQuery.tsx","all":false,"statementMap":{"0":{"start":{"line":1,"column":0},"end":{"line":1,"column":44}},"2":{"start":{"line":3,"column":0},"end":{"line":3,"column":31}},"3":{"start":{"line":4,"column":0},"end":{"line":4,"column":13}},"4":{"start":{"line":5,"column":0},"end":{"line":5,"column":62}},"5":{"start":{"line":6,"column":0},"end":{"line":6,"column":64}},"6":{"start":{"line":7,"column":0},"end":{"line":7,"column":43}},"7":{"start":{"line":8,"column":0},"end":{"line":8,"column":5}},"9":{"start":{"line":10,"column":0},"end":{"line":10,"column":19}},"10":{"start":{"line":11,"column":0},"end":{"line":11,"column":43}},"11":{"start":{"line":12,"column":0},"end":{"line":12,"column":25}},"13":{"start":{"line":14,"column":0},"end":{"line":14,"column":39}},"14":{"start":{"line":15,"column":0},"end":{"line":15,"column":2}}},"s":{"0":1,"2":1,"3":67,"4":67,"5":67,"6":3,"7":67,"9":67,"10":21,"11":67,"13":67,"14":67},"branchMap":{"0":{"type":"branch","line":3,"loc":{"start":{"line":3,"column":30},"end":{"line":15,"column":2}},"locations":[{"start":{"line":3,"column":30},"end":{"line":15,"column":2}}]},"1":{"type":"branch","line":6,"loc":{"start":{"line":6,"column":57},"end":{"line":8,"column":3}},"locations":[{"start":{"line":6,"column":57},"end":{"line":8,"column":3}}]},"2":{"type":"branch","line":7,"loc":{"start":{"line":7,"column":35},"end":{"line":7,"column":43}},"locations":[{"start":{"line":7,"column":35},"end":{"line":7,"column":43}}]},"3":{"type":"branch","line":10,"loc":{"start":{"line":10,"column":12},"end":{"line":12,"column":5}},"locations":[{"start":{"line":10,"column":12},"end":{"line":12,"column":5}}]}},"b":{"0":[67],"1":[3],"2":[2],"3":[21]},"fnMap":{"0":{"name":"useSearchQuery","decl":{"start":{"line":3,"column":30},"end":{"line":15,"column":2}},"loc":{"start":{"line":3,"column":30},"end":{"line":15,"column":2}},"line":3}},"f":{"0":67}}
,"D:\\projects\\rs-school\\src\\pages\\HomePage.tsx": {"path":"D:\\projects\\rs-school\\src\\pages\\HomePage.tsx","all":false,"statementMap":{"0":{"start":{"line":1,"column":0},"end":{"line":1,"column":44}},"1":{"start":{"line":2,"column":0},"end":{"line":2,"column":57}},"2":{"start":{"line":3,"column":0},"end":{"line":3,"column":47}},"3":{"start":{"line":4,"column":0},"end":{"line":4,"column":48}},"4":{"start":{"line":5,"column":0},"end":{"line":5,"column":42}},"5":{"start":{"line":6,"column":0},"end":{"line":6,"column":48}},"7":{"start":{"line":8,"column":0},"end":{"line":8,"column":24}},"8":{"start":{"line":9,"column":0},"end":{"line":9,"column":48}},"9":{"start":{"line":10,"column":0},"end":{"line":10,"column":70}},"10":{"start":{"line":11,"column":0},"end":{"line":11,"column":49}},"12":{"start":{"line":13,"column":0},"end":{"line":13,"column":19}},"13":{"start":{"line":14,"column":0},"end":{"line":14,"column":29}},"14":{"start":{"line":15,"column":0},"end":{"line":15,"column":35}},"15":{"start":{"line":16,"column":0},"end":{"line":16,"column":5}},"16":{"start":{"line":17,"column":0},"end":{"line":17,"column":20}},"18":{"start":{"line":19,"column":0},"end":{"line":19,"column":43}},"19":{"start":{"line":20,"column":0},"end":{"line":20,"column":33}},"20":{"start":{"line":21,"column":0},"end":{"line":21,"column":27}},"21":{"start":{"line":22,"column":0},"end":{"line":22,"column":35}},"22":{"start":{"line":23,"column":0},"end":{"line":23,"column":4}},"24":{"start":{"line":25,"column":0},"end":{"line":25,"column":10}},"25":{"start":{"line":26,"column":0},"end":{"line":26,"column":64}},"26":{"start":{"line":27,"column":0},"end":{"line":27,"column":67}},"27":{"start":{"line":28,"column":0},"end":{"line":28,"column":34}},"28":{"start":{"line":29,"column":0},"end":{"line":29,"column":16}},"29":{"start":{"line":30,"column":0},"end":{"line":30,"column":10}},"31":{"start":{"line":32,"column":0},"end":{"line":32,"column":2}},"33":{"start":{"line":34,"column":0},"end":{"line":34,"column":24}}},"s":{"0":1,"1":1,"2":1,"3":1,"4":1,"5":1,"7":1,"8":67,"9":67,"10":67,"12":67,"13":21,"14":18,"15":18,"16":67,"18":67,"19":23,"20":23,"21":23,"22":23,"24":67,"25":67,"26":67,"27":67,"28":67,"29":67,"31":67,"33":1},"branchMap":{"0":{"type":"branch","line":8,"loc":{"start":{"line":8,"column":17},"end":{"line":32,"column":2}},"locations":[{"start":{"line":8,"column":17},"end":{"line":32,"column":2}}]},"1":{"type":"branch","line":13,"loc":{"start":{"line":13,"column":12},"end":{"line":17,"column":5}},"locations":[{"start":{"line":13,"column":12},"end":{"line":17,"column":5}}]},"2":{"type":"branch","line":14,"loc":{"start":{"line":14,"column":28},"end":{"line":16,"column":5}},"locations":[{"start":{"line":14,"column":28},"end":{"line":16,"column":5}}]},"3":{"type":"branch","line":19,"loc":{"start":{"line":19,"column":23},"end":{"line":23,"column":4}},"locations":[{"start":{"line":19,"column":23},"end":{"line":23,"column":4}}]}},"b":{"0":[67],"1":[21],"2":[18],"3":[23]},"fnMap":{"0":{"name":"HomePage","decl":{"start":{"line":8,"column":17},"end":{"line":32,"column":2}},"loc":{"start":{"line":8,"column":17},"end":{"line":32,"column":2}},"line":8},"1":{"name":"handleSearch","decl":{"start":{"line":19,"column":23},"end":{"line":23,"column":4}},"loc":{"start":{"line":19,"column":23},"end":{"line":23,"column":4}},"line":19}},"f":{"0":67,"1":23}}
,"D:\\projects\\rs-school\\src\\pages\\PokemonDetailsPage.tsx": {"path":"D:\\projects\\rs-school\\src\\pages\\PokemonDetailsPage.tsx","all":false,"statementMap":{"0":{"start":{"line":1,"column":0},"end":{"line":1,"column":43}},"1":{"start":{"line":2,"column":0},"end":{"line":2,"column":41}},"2":{"start":{"line":3,"column":0},"end":{"line":3,"column":47}},"3":{"start":{"line":4,"column":0},"end":{"line":4,"column":70}},"4":{"start":{"line":5,"column":0},"end":{"line":5,"column":61}},"5":{"start":{"line":6,"column":0},"end":{"line":6,"column":39}},"7":{"start":{"line":8,"column":0},"end":{"line":8,"column":34}},"8":{"start":{"line":9,"column":0},"end":{"line":9,"column":33}},"9":{"start":{"line":10,"column":0},"end":{"line":10,"column":60}},"10":{"start":{"line":11,"column":0},"end":{"line":11,"column":50}},"12":{"start":{"line":13,"column":0},"end":{"line":13,"column":9}},"13":{"start":{"line":14,"column":0},"end":{"line":14,"column":18}},"14":{"start":{"line":15,"column":0},"end":{"line":15,"column":12}},"15":{"start":{"line":16,"column":0},"end":{"line":16,"column":10}},"16":{"start":{"line":17,"column":0},"end":{"line":17,"column":14}},"17":{"start":{"line":18,"column":0},"end":{"line":18,"column":51}},"19":{"start":{"line":20,"column":0},"end":{"line":20,"column":18}},"20":{"start":{"line":21,"column":0},"end":{"line":21,"column":22}},"21":{"start":{"line":22,"column":0},"end":{"line":22,"column":3}},"23":{"start":{"line":24,"column":0},"end":{"line":24,"column":16}},"24":{"start":{"line":25,"column":0},"end":{"line":25,"column":61}},"25":{"start":{"line":26,"column":0},"end":{"line":26,"column":3}},"27":{"start":{"line":28,"column":0},"end":{"line":28,"column":17}},"28":{"start":{"line":29,"column":0},"end":{"line":29,"column":25}},"29":{"start":{"line":30,"column":0},"end":{"line":30,"column":3}},"31":{"start":{"line":32,"column":0},"end":{"line":32,"column":50}},"32":{"start":{"line":33,"column":0},"end":{"line":33,"column":2}},"34":{"start":{"line":35,"column":0},"end":{"line":35,"column":34}}},"s":{"0":1,"1":1,"2":1,"3":1,"4":1,"5":1,"7":1,"8":5,"9":5,"10":5,"12":5,"13":5,"14":5,"15":5,"16":5,"17":5,"19":5,"20":1,"21":1,"23":5,"24":1,"25":1,"27":5,"28":1,"29":1,"31":2,"32":2,"34":1},"branchMap":{"0":{"type":"branch","line":8,"loc":{"start":{"line":8,"column":27},"end":{"line":33,"column":2}},"locations":[{"start":{"line":8,"column":27},"end":{"line":33,"column":2}}]},"1":{"type":"branch","line":20,"loc":{"start":{"line":20,"column":17},"end":{"line":22,"column":3}},"locations":[{"start":{"line":20,"column":17},"end":{"line":22,"column":3}}]},"2":{"type":"branch","line":22,"loc":{"start":{"line":22,"column":2},"end":{"line":24,"column":15}},"locations":[{"start":{"line":22,"column":2},"end":{"line":24,"column":15}}]},"3":{"type":"branch","line":24,"loc":{"start":{"line":24,"column":15},"end":{"line":26,"column":3}},"locations":[{"start":{"line":24,"column":15},"end":{"line":26,"column":3}}]},"4":{"type":"branch","line":26,"loc":{"start":{"line":26,"column":2},"end":{"line":28,"column":16}},"locations":[{"start":{"line":26,"column":2},"end":{"line":28,"column":16}}]},"5":{"type":"branch","line":28,"loc":{"start":{"line":28,"column":16},"end":{"line":30,"column":3}},"locations":[{"start":{"line":28,"column":16},"end":{"line":30,"column":3}}]},"6":{"type":"branch","line":30,"loc":{"start":{"line":30,"column":2},"end":{"line":33,"column":2}},"locations":[{"start":{"line":30,"column":2},"end":{"line":33,"column":2}}]}},"b":{"0":[5],"1":[1],"2":[4],"3":[1],"4":[3],"5":[1],"6":[2]},"fnMap":{"0":{"name":"PokemonDetailsPage","decl":{"start":{"line":8,"column":27},"end":{"line":33,"column":2}},"loc":{"start":{"line":8,"column":27},"end":{"line":33,"column":2}},"line":8}},"f":{"0":5}}
,"D:\\projects\\rs-school\\src\\utils\\testUtils.tsx": {"path":"D:\\projects\\rs-school\\src\\utils\\testUtils.tsx","all":false,"statementMap":{"0":{"start":{"line":1,"column":0},"end":{"line":1,"column":50}},"1":{"start":{"line":2,"column":0},"end":{"line":2,"column":39}},"2":{"start":{"line":3,"column":0},"end":{"line":3,"column":68}},"3":{"start":{"line":4,"column":0},"end":{"line":4,"column":46}},"5":{"start":{"line":6,"column":0},"end":{"line":6,"column":38}},"6":{"start":{"line":7,"column":0},"end":{"line":7,"column":25}},"7":{"start":{"line":8,"column":0},"end":{"line":8,"column":14}},"8":{"start":{"line":9,"column":0},"end":{"line":9,"column":48}},"9":{"start":{"line":10,"column":0},"end":{"line":10,"column":51}},"10":{"start":{"line":11,"column":0},"end":{"line":11,"column":6}},"11":{"start":{"line":12,"column":0},"end":{"line":12,"column":41}},"12":{"start":{"line":13,"column":0},"end":{"line":13,"column":59}},"13":{"start":{"line":14,"column":0},"end":{"line":14,"column":5}},"14":{"start":{"line":15,"column":0},"end":{"line":15,"column":2}},"16":{"start":{"line":17,"column":0},"end":{"line":17,"column":53}},"17":{"start":{"line":18,"column":0},"end":{"line":18,"column":34}},"18":{"start":{"line":19,"column":0},"end":{"line":19,"column":49}},"19":{"start":{"line":20,"column":0},"end":{"line":20,"column":2}}},"s":{"0":1,"1":1,"2":1,"3":1,"5":1,"6":19,"7":19,"8":19,"9":19,"10":19,"11":19,"12":19,"13":19,"14":19,"16":1,"17":1,"18":1,"19":1},"branchMap":{"0":{"type":"branch","line":6,"loc":{"start":{"line":6,"column":31},"end":{"line":15,"column":2}},"locations":[{"start":{"line":6,"column":31},"end":{"line":15,"column":2}}]},"1":{"type":"branch","line":12,"loc":{"start":{"line":12,"column":16},"end":{"line":13,"column":59}},"locations":[{"start":{"line":12,"column":16},"end":{"line":13,"column":59}}]},"2":{"type":"branch","line":17,"loc":{"start":{"line":17,"column":31},"end":{"line":20,"column":2}},"locations":[{"start":{"line":17,"column":31},"end":{"line":20,"column":2}}]}},"b":{"0":[19],"1":[19],"2":[1]},"fnMap":{"0":{"name":"createTestStore","decl":{"start":{"line":6,"column":31},"end":{"line":15,"column":2}},"loc":{"start":{"line":6,"column":31},"end":{"line":15,"column":2}},"line":6},"1":{"name":"middleware","decl":{"start":{"line":12,"column":16},"end":{"line":13,"column":59}},"loc":{"start":{"line":12,"column":16},"end":{"line":13,"column":59}},"line":12},"2":{"name":"renderWithStore","decl":{"start":{"line":17,"column":31},"end":{"line":20,"column":2}},"loc":{"start":{"line":17,"column":31},"end":{"line":20,"column":2}},"line":17}},"f":{"0":19,"1":19,"2":1}}
}
