{"D:\\projects\\rs-school\\src\\app\\error.tsx": {"path":"D:\\projects\\rs-school\\src\\app\\error.tsx","all":false,"statementMap":{"7":{"start":{"line":8,"column":0},"end":{"line":8,"column":61}},"8":{"start":{"line":9,"column":0},"end":{"line":9,"column":10}},"9":{"start":{"line":10,"column":0},"end":{"line":10,"column":78}},"10":{"start":{"line":11,"column":0},"end":{"line":11,"column":41}},"11":{"start":{"line":12,"column":0},"end":{"line":12,"column":66}},"12":{"start":{"line":13,"column":0},"end":{"line":13,"column":11}},"13":{"start":{"line":14,"column":0},"end":{"line":14,"column":36}},"14":{"start":{"line":15,"column":0},"end":{"line":15,"column":10}},"16":{"start":{"line":17,"column":0},"end":{"line":17,"column":2}},"18":{"start":{"line":19,"column":0},"end":{"line":19,"column":64}},"19":{"start":{"line":20,"column":0},"end":{"line":20,"column":63}},"20":{"start":{"line":21,"column":0},"end":{"line":21,"column":24}},"21":{"start":{"line":22,"column":0},"end":{"line":22,"column":2}},"23":{"start":{"line":24,"column":0},"end":{"line":24,"column":25}}},"s":{"7":1,"8":2,"9":2,"10":2,"11":2,"12":2,"13":2,"14":2,"16":2,"18":1,"19":0,"20":0,"21":0,"23":1},"branchMap":{"0":{"type":"branch","line":8,"loc":{"start":{"line":8,"column":40},"end":{"line":17,"column":2}},"locations":[{"start":{"line":8,"column":40},"end":{"line":17,"column":2}}]},"1":{"type":"branch","line":12,"loc":{"start":{"line":12,"column":9},"end":{"line":12,"column":46}},"locations":[{"start":{"line":12,"column":9},"end":{"line":12,"column":46}}]},"2":{"type":"branch","line":12,"loc":{"start":{"line":12,"column":41},"end":{"line":12,"column":66}},"locations":[{"start":{"line":12,"column":41},"end":{"line":12,"column":66}}]}},"b":{"0":[2],"1":[1],"2":[1]},"fnMap":{"0":{"name":"ErrorPage","decl":{"start":{"line":8,"column":40},"end":{"line":17,"column":2}},"loc":{"start":{"line":8,"column":40},"end":{"line":17,"column":2}},"line":8},"1":{"name":"ErrorPage.getInitialProps","decl":{"start":{"line":19,"column":28},"end":{"line":22,"column":2}},"loc":{"start":{"line":19,"column":28},"end":{"line":22,"column":2}},"line":19}},"f":{"0":2,"1":0}}
,"D:\\projects\\rs-school\\src\\app\\layout.tsx": {"path":"D:\\projects\\rs-school\\src\\app\\layout.tsx","all":true,"statementMap":{"2":{"start":{"line":3,"column":0},"end":{"line":3,"column":55}},"3":{"start":{"line":4,"column":0},"end":{"line":4,"column":39}},"4":{"start":{"line":5,"column":0},"end":{"line":5,"column":38}},"5":{"start":{"line":6,"column":0},"end":{"line":6,"column":30}},"6":{"start":{"line":7,"column":0},"end":{"line":7,"column":55}},"8":{"start":{"line":9,"column":0},"end":{"line":9,"column":36}},"9":{"start":{"line":10,"column":0},"end":{"line":10,"column":11}},"10":{"start":{"line":11,"column":0},"end":{"line":11,"column":4}},"12":{"start":{"line":13,"column":0},"end":{"line":13,"column":4}},"13":{"start":{"line":14,"column":0},"end":{"line":14,"column":10}},"14":{"start":{"line":15,"column":0},"end":{"line":15,"column":20}},"15":{"start":{"line":16,"column":0},"end":{"line":16,"column":12}},"16":{"start":{"line":17,"column":0},"end":{"line":17,"column":23}},"17":{"start":{"line":18,"column":0},"end":{"line":18,"column":25}},"18":{"start":{"line":19,"column":0},"end":{"line":19,"column":57}},"19":{"start":{"line":20,"column":0},"end":{"line":20,"column":26}},"20":{"start":{"line":21,"column":0},"end":{"line":21,"column":24}},"21":{"start":{"line":22,"column":0},"end":{"line":22,"column":13}},"22":{"start":{"line":23,"column":0},"end":{"line":23,"column":11}},"24":{"start":{"line":25,"column":0},"end":{"line":25,"column":1}}},"s":{"2":0,"3":0,"4":0,"5":0,"6":0,"8":0,"9":0,"10":0,"12":0,"13":0,"14":0,"15":0,"16":0,"17":0,"18":0,"19":0,"20":0,"21":0,"22":0,"24":0},"branchMap":{"0":{"type":"branch","line":1,"loc":{"start":{"line":1,"column":477},"end":{"line":25,"column":-134}},"locations":[{"start":{"line":1,"column":477},"end":{"line":25,"column":-134}}]}},"b":{"0":[1]},"fnMap":{"0":{"name":"(empty-report)","decl":{"start":{"line":1,"column":477},"end":{"line":25,"column":-134}},"loc":{"start":{"line":1,"column":477},"end":{"line":25,"column":-134}},"line":1}},"f":{"0":1}}
,"D:\\projects\\rs-school\\src\\app\\not-found.tsx": {"path":"D:\\projects\\rs-school\\src\\app\\not-found.tsx","all":false,"statementMap":{"0":{"start":{"line":1,"column":0},"end":{"line":1,"column":29}},"2":{"start":{"line":3,"column":0},"end":{"line":3,"column":28}},"3":{"start":{"line":4,"column":0},"end":{"line":4,"column":10}},"4":{"start":{"line":5,"column":0},"end":{"line":5,"column":78}},"5":{"start":{"line":6,"column":0},"end":{"line":6,"column":66}},"6":{"start":{"line":7,"column":0},"end":{"line":7,"column":21}},"7":{"start":{"line":8,"column":0},"end":{"line":8,"column":15}},"8":{"start":{"line":9,"column":0},"end":{"line":9,"column":23}},"9":{"start":{"line":10,"column":0},"end":{"line":10,"column":65}},"10":{"start":{"line":11,"column":0},"end":{"line":11,"column":9}},"12":{"start":{"line":13,"column":0},"end":{"line":13,"column":17}},"13":{"start":{"line":14,"column":0},"end":{"line":14,"column":13}},"14":{"start":{"line":15,"column":0},"end":{"line":15,"column":10}},"16":{"start":{"line":17,"column":0},"end":{"line":17,"column":2}},"18":{"start":{"line":19,"column":0},"end":{"line":19,"column":28}}},"s":{"0":1,"2":1,"3":2,"4":2,"5":2,"6":2,"7":2,"8":2,"9":2,"10":2,"12":2,"13":2,"14":2,"16":2,"18":1},"branchMap":{"0":{"type":"branch","line":3,"loc":{"start":{"line":3,"column":21},"end":{"line":17,"column":2}},"locations":[{"start":{"line":3,"column":21},"end":{"line":17,"column":2}}]}},"b":{"0":[2]},"fnMap":{"0":{"name":"NotFoundPage","decl":{"start":{"line":3,"column":21},"end":{"line":17,"column":2}},"loc":{"start":{"line":3,"column":21},"end":{"line":17,"column":2}},"line":3}},"f":{"0":2}}
,"D:\\projects\\rs-school\\src\\app\\page.tsx": {"path":"D:\\projects\\rs-school\\src\\app\\page.tsx","all":false,"statementMap":{"1":{"start":{"line":2,"column":0},"end":{"line":2,"column":44}},"2":{"start":{"line":3,"column":0},"end":{"line":3,"column":57}},"3":{"start":{"line":4,"column":0},"end":{"line":4,"column":48}},"5":{"start":{"line":6,"column":0},"end":{"line":6,"column":42}},"6":{"start":{"line":7,"column":0},"end":{"line":7,"column":48}},"7":{"start":{"line":8,"column":0},"end":{"line":8,"column":74}},"9":{"start":{"line":10,"column":0},"end":{"line":10,"column":24}},"10":{"start":{"line":11,"column":0},"end":{"line":11,"column":29}},"11":{"start":{"line":12,"column":0},"end":{"line":12,"column":33}},"12":{"start":{"line":13,"column":0},"end":{"line":13,"column":41}},"13":{"start":{"line":14,"column":0},"end":{"line":14,"column":70}},"14":{"start":{"line":15,"column":0},"end":{"line":15,"column":59}},"16":{"start":{"line":17,"column":0},"end":{"line":17,"column":19}},"17":{"start":{"line":18,"column":0},"end":{"line":18,"column":29}},"18":{"start":{"line":19,"column":0},"end":{"line":19,"column":40}},"19":{"start":{"line":20,"column":0},"end":{"line":20,"column":5}},"20":{"start":{"line":21,"column":0},"end":{"line":21,"column":20}},"22":{"start":{"line":23,"column":0},"end":{"line":23,"column":43}},"23":{"start":{"line":24,"column":0},"end":{"line":24,"column":33}},"24":{"start":{"line":25,"column":0},"end":{"line":25,"column":32}},"25":{"start":{"line":26,"column":0},"end":{"line":26,"column":62}},"26":{"start":{"line":27,"column":0},"end":{"line":27,"column":37}},"27":{"start":{"line":28,"column":0},"end":{"line":28,"column":63}},"28":{"start":{"line":29,"column":0},"end":{"line":29,"column":24}},"29":{"start":{"line":30,"column":0},"end":{"line":30,"column":4}},"31":{"start":{"line":32,"column":0},"end":{"line":32,"column":10}},"32":{"start":{"line":33,"column":0},"end":{"line":33,"column":64}},"33":{"start":{"line":34,"column":0},"end":{"line":34,"column":67}},"34":{"start":{"line":35,"column":0},"end":{"line":35,"column":39}},"35":{"start":{"line":36,"column":0},"end":{"line":36,"column":16}},"36":{"start":{"line":37,"column":0},"end":{"line":37,"column":10}},"38":{"start":{"line":39,"column":0},"end":{"line":39,"column":2}},"40":{"start":{"line":41,"column":0},"end":{"line":41,"column":24}}},"s":{"1":1,"2":1,"3":1,"5":1,"6":1,"7":1,"9":1,"10":62,"11":62,"12":62,"13":62,"14":62,"16":62,"17":33,"18":28,"19":28,"20":62,"22":62,"23":32,"24":32,"25":32,"26":32,"27":32,"28":32,"29":32,"31":62,"32":62,"33":62,"34":62,"35":62,"36":62,"38":62,"40":1},"branchMap":{"0":{"type":"branch","line":10,"loc":{"start":{"line":10,"column":17},"end":{"line":39,"column":2}},"locations":[{"start":{"line":10,"column":17},"end":{"line":39,"column":2}}]},"1":{"type":"branch","line":17,"loc":{"start":{"line":17,"column":12},"end":{"line":21,"column":5}},"locations":[{"start":{"line":17,"column":12},"end":{"line":21,"column":5}}]},"2":{"type":"branch","line":18,"loc":{"start":{"line":18,"column":28},"end":{"line":20,"column":5}},"locations":[{"start":{"line":18,"column":28},"end":{"line":20,"column":5}}]},"3":{"type":"branch","line":23,"loc":{"start":{"line":23,"column":23},"end":{"line":30,"column":4}},"locations":[{"start":{"line":23,"column":23},"end":{"line":30,"column":4}}]}},"b":{"0":[62],"1":[33],"2":[28],"3":[32]},"fnMap":{"0":{"name":"HomePage","decl":{"start":{"line":10,"column":17},"end":{"line":39,"column":2}},"loc":{"start":{"line":10,"column":17},"end":{"line":39,"column":2}},"line":10},"1":{"name":"handleSearch","decl":{"start":{"line":23,"column":23},"end":{"line":30,"column":4}},"loc":{"start":{"line":23,"column":23},"end":{"line":30,"column":4}},"line":23}},"f":{"0":62,"1":32}}
,"D:\\projects\\rs-school\\src\\components\\Error.tsx": {"path":"D:\\projects\\rs-school\\src\\components\\Error.tsx","all":false,"statementMap":{"6":{"start":{"line":7,"column":0},"end":{"line":7,"column":53}},"7":{"start":{"line":8,"column":0},"end":{"line":8,"column":72}},"8":{"start":{"line":9,"column":0},"end":{"line":9,"column":2}},"10":{"start":{"line":11,"column":0},"end":{"line":11,"column":21}}},"s":{"6":1,"7":1,"8":1,"10":1},"branchMap":{"0":{"type":"branch","line":7,"loc":{"start":{"line":7,"column":30},"end":{"line":9,"column":2}},"locations":[{"start":{"line":7,"column":30},"end":{"line":9,"column":2}}]}},"b":{"0":[1]},"fnMap":{"0":{"name":"Error","decl":{"start":{"line":7,"column":30},"end":{"line":9,"column":2}},"loc":{"start":{"line":7,"column":30},"end":{"line":9,"column":2}},"line":7}},"f":{"0":1}}
,"D:\\projects\\rs-school\\src\\components\\ErrorBoundary.tsx": {"path":"D:\\projects\\rs-school\\src\\components\\ErrorBoundary.tsx","all":false,"statementMap":{"1":{"start":{"line":2,"column":0},"end":{"line":2,"column":63}},"7":{"start":{"line":8,"column":0},"end":{"line":8,"column":72}},"8":{"start":{"line":9,"column":0},"end":{"line":9,"column":47}},"9":{"start":{"line":10,"column":0},"end":{"line":10,"column":17}},"10":{"start":{"line":11,"column":0},"end":{"line":11,"column":37}},"11":{"start":{"line":12,"column":0},"end":{"line":12,"column":3}},"13":{"start":{"line":14,"column":0},"end":{"line":14,"column":23}},"14":{"start":{"line":15,"column":0},"end":{"line":15,"column":39}},"15":{"start":{"line":16,"column":0},"end":{"line":16,"column":4}},"17":{"start":{"line":18,"column":0},"end":{"line":18,"column":44}},"18":{"start":{"line":19,"column":0},"end":{"line":19,"column":30}},"19":{"start":{"line":20,"column":0},"end":{"line":20,"column":3}},"21":{"start":{"line":22,"column":0},"end":{"line":22,"column":63}},"22":{"start":{"line":23,"column":0},"end":{"line":23,"column":34}},"23":{"start":{"line":24,"column":0},"end":{"line":24,"column":3}},"25":{"start":{"line":26,"column":0},"end":{"line":26,"column":23}},"26":{"start":{"line":27,"column":0},"end":{"line":27,"column":30}},"27":{"start":{"line":28,"column":0},"end":{"line":28,"column":14}},"28":{"start":{"line":29,"column":0},"end":{"line":29,"column":82}},"29":{"start":{"line":30,"column":0},"end":{"line":30,"column":64}},"30":{"start":{"line":31,"column":0},"end":{"line":31,"column":17}},"31":{"start":{"line":32,"column":0},"end":{"line":32,"column":38}},"32":{"start":{"line":33,"column":0},"end":{"line":33,"column":25}},"33":{"start":{"line":34,"column":0},"end":{"line":34,"column":67}},"34":{"start":{"line":35,"column":0},"end":{"line":35,"column":11}},"36":{"start":{"line":37,"column":0},"end":{"line":37,"column":19}},"37":{"start":{"line":38,"column":0},"end":{"line":38,"column":14}},"39":{"start":{"line":40,"column":0},"end":{"line":40,"column":5}},"41":{"start":{"line":42,"column":0},"end":{"line":42,"column":31}},"42":{"start":{"line":43,"column":0},"end":{"line":43,"column":3}},"43":{"start":{"line":44,"column":0},"end":{"line":44,"column":1}},"45":{"start":{"line":46,"column":0},"end":{"line":46,"column":29}}},"s":{"1":1,"7":1,"8":3,"9":4,"10":4,"11":4,"13":3,"14":1,"15":1,"17":3,"18":4,"19":4,"21":3,"22":2,"23":2,"25":3,"26":8,"27":4,"28":4,"29":4,"30":4,"31":4,"32":4,"33":4,"34":4,"36":4,"37":4,"39":4,"41":4,"42":8,"43":3,"45":1},"branchMap":{"0":{"type":"branch","line":8,"loc":{"start":{"line":8,"column":71},"end":{"line":44,"column":1}},"locations":[{"start":{"line":8,"column":71},"end":{"line":44,"column":1}}]},"1":{"type":"branch","line":9,"loc":{"start":{"line":9,"column":2},"end":{"line":12,"column":3}},"locations":[{"start":{"line":9,"column":2},"end":{"line":12,"column":3}}]},"2":{"type":"branch","line":14,"loc":{"start":{"line":14,"column":16},"end":{"line":16,"column":4}},"locations":[{"start":{"line":14,"column":16},"end":{"line":16,"column":4}}]},"3":{"type":"branch","line":18,"loc":{"start":{"line":18,"column":9},"end":{"line":20,"column":3}},"locations":[{"start":{"line":18,"column":9},"end":{"line":20,"column":3}}]},"4":{"type":"branch","line":22,"loc":{"start":{"line":22,"column":2},"end":{"line":24,"column":3}},"locations":[{"start":{"line":22,"column":2},"end":{"line":24,"column":3}}]},"5":{"type":"branch","line":26,"loc":{"start":{"line":26,"column":2},"end":{"line":43,"column":3}},"locations":[{"start":{"line":26,"column":2},"end":{"line":43,"column":3}}]},"6":{"type":"branch","line":27,"loc":{"start":{"line":27,"column":29},"end":{"line":42,"column":31}},"locations":[{"start":{"line":27,"column":29},"end":{"line":42,"column":31}}]}},"b":{"0":[3],"1":[4],"2":[1],"3":[4],"4":[2],"5":[8],"6":[4]},"fnMap":{"0":{"name":"<instance_members_initializer>","decl":{"start":{"line":8,"column":71},"end":{"line":44,"column":1}},"loc":{"start":{"line":8,"column":71},"end":{"line":44,"column":1}},"line":8},"1":{"name":"ErrorBoundary","decl":{"start":{"line":9,"column":2},"end":{"line":12,"column":3}},"loc":{"start":{"line":9,"column":2},"end":{"line":12,"column":3}},"line":9},"2":{"name":"handleReset","decl":{"start":{"line":14,"column":16},"end":{"line":16,"column":4}},"loc":{"start":{"line":14,"column":16},"end":{"line":16,"column":4}},"line":14},"3":{"name":"getDerivedStateFromError","decl":{"start":{"line":18,"column":9},"end":{"line":20,"column":3}},"loc":{"start":{"line":18,"column":9},"end":{"line":20,"column":3}},"line":18},"4":{"name":"componentDidCatch","decl":{"start":{"line":22,"column":2},"end":{"line":24,"column":3}},"loc":{"start":{"line":22,"column":2},"end":{"line":24,"column":3}},"line":22},"5":{"name":"render","decl":{"start":{"line":26,"column":2},"end":{"line":43,"column":3}},"loc":{"start":{"line":26,"column":2},"end":{"line":43,"column":3}},"line":26}},"f":{"0":3,"1":4,"2":1,"3":4,"4":2,"5":8}}
,"D:\\projects\\rs-school\\src\\components\\ErrorButton.tsx": {"path":"D:\\projects\\rs-school\\src\\components\\ErrorButton.tsx","all":false,"statementMap":{"0":{"start":{"line":1,"column":0},"end":{"line":1,"column":33}},"2":{"start":{"line":3,"column":0},"end":{"line":3,"column":27}},"3":{"start":{"line":4,"column":0},"end":{"line":4,"column":59}},"5":{"start":{"line":6,"column":0},"end":{"line":6,"column":17}},"6":{"start":{"line":7,"column":0},"end":{"line":7,"column":35}},"7":{"start":{"line":8,"column":0},"end":{"line":8,"column":3}},"9":{"start":{"line":10,"column":0},"end":{"line":10,"column":10}},"10":{"start":{"line":11,"column":0},"end":{"line":11,"column":11}},"11":{"start":{"line":12,"column":0},"end":{"line":12,"column":19}},"12":{"start":{"line":13,"column":0},"end":{"line":13,"column":61}},"13":{"start":{"line":14,"column":0},"end":{"line":14,"column":39}},"14":{"start":{"line":15,"column":0},"end":{"line":15,"column":5}},"16":{"start":{"line":17,"column":0},"end":{"line":17,"column":13}},"18":{"start":{"line":19,"column":0},"end":{"line":19,"column":2}},"20":{"start":{"line":21,"column":0},"end":{"line":21,"column":27}}},"s":{"0":1,"2":1,"3":13,"5":13,"6":8,"7":8,"9":4,"10":4,"11":4,"12":4,"13":4,"14":4,"16":4,"18":4,"20":1},"branchMap":{"0":{"type":"branch","line":3,"loc":{"start":{"line":3,"column":20},"end":{"line":19,"column":2}},"locations":[{"start":{"line":3,"column":20},"end":{"line":19,"column":2}}]},"1":{"type":"branch","line":6,"loc":{"start":{"line":6,"column":16},"end":{"line":8,"column":3}},"locations":[{"start":{"line":6,"column":16},"end":{"line":8,"column":3}}]},"2":{"type":"branch","line":8,"loc":{"start":{"line":8,"column":2},"end":{"line":19,"column":2}},"locations":[{"start":{"line":8,"column":2},"end":{"line":19,"column":2}}]},"3":{"type":"branch","line":14,"loc":{"start":{"line":14,"column":15},"end":{"line":14,"column":39}},"locations":[{"start":{"line":14,"column":15},"end":{"line":14,"column":39}}]}},"b":{"0":[13],"1":[8],"2":[4],"3":[2]},"fnMap":{"0":{"name":"ErrorButton","decl":{"start":{"line":3,"column":20},"end":{"line":19,"column":2}},"loc":{"start":{"line":3,"column":20},"end":{"line":19,"column":2}},"line":3},"1":{"name":"onClick","decl":{"start":{"line":14,"column":15},"end":{"line":14,"column":39}},"loc":{"start":{"line":14,"column":15},"end":{"line":14,"column":39}},"line":14}},"f":{"0":13,"1":2}}
,"D:\\projects\\rs-school\\src\\components\\Loader.tsx": {"path":"D:\\projects\\rs-school\\src\\components\\Loader.tsx","all":false,"statementMap":{"0":{"start":{"line":1,"column":0},"end":{"line":1,"column":22}},"1":{"start":{"line":2,"column":0},"end":{"line":2,"column":10}},"2":{"start":{"line":3,"column":0},"end":{"line":3,"column":8}},"3":{"start":{"line":4,"column":0},"end":{"line":4,"column":60}},"4":{"start":{"line":5,"column":0},"end":{"line":5,"column":26}},"6":{"start":{"line":7,"column":0},"end":{"line":7,"column":74}},"7":{"start":{"line":8,"column":0},"end":{"line":8,"column":10}},"9":{"start":{"line":10,"column":0},"end":{"line":10,"column":2}},"11":{"start":{"line":12,"column":0},"end":{"line":12,"column":22}}},"s":{"0":1,"1":1,"2":1,"3":1,"4":1,"6":1,"7":1,"9":1,"11":1},"branchMap":{"0":{"type":"branch","line":1,"loc":{"start":{"line":1,"column":15},"end":{"line":10,"column":2}},"locations":[{"start":{"line":1,"column":15},"end":{"line":10,"column":2}}]}},"b":{"0":[1]},"fnMap":{"0":{"name":"Loader","decl":{"start":{"line":1,"column":15},"end":{"line":10,"column":2}},"loc":{"start":{"line":1,"column":15},"end":{"line":10,"column":2}},"line":1}},"f":{"0":1}}
,"D:\\projects\\rs-school\\src\\components\\NoResults.tsx": {"path":"D:\\projects\\rs-school\\src\\components\\NoResults.tsx","all":false,"statementMap":{"0":{"start":{"line":1,"column":0},"end":{"line":1,"column":25}},"1":{"start":{"line":2,"column":0},"end":{"line":2,"column":10}},"2":{"start":{"line":3,"column":0},"end":{"line":3,"column":8}},"3":{"start":{"line":4,"column":0},"end":{"line":4,"column":30}},"4":{"start":{"line":5,"column":0},"end":{"line":5,"column":68}},"6":{"start":{"line":7,"column":0},"end":{"line":7,"column":61}},"7":{"start":{"line":8,"column":0},"end":{"line":8,"column":43}},"8":{"start":{"line":9,"column":0},"end":{"line":9,"column":10}},"10":{"start":{"line":11,"column":0},"end":{"line":11,"column":2}},"12":{"start":{"line":13,"column":0},"end":{"line":13,"column":25}}},"s":{"0":1,"1":3,"2":3,"3":3,"4":3,"6":3,"7":3,"8":3,"10":3,"12":1},"branchMap":{"0":{"type":"branch","line":1,"loc":{"start":{"line":1,"column":18},"end":{"line":11,"column":2}},"locations":[{"start":{"line":1,"column":18},"end":{"line":11,"column":2}}]}},"b":{"0":[3]},"fnMap":{"0":{"name":"NoResults","decl":{"start":{"line":1,"column":18},"end":{"line":11,"column":2}},"loc":{"start":{"line":1,"column":18},"end":{"line":11,"column":2}},"line":1}},"f":{"0":3}}
,"D:\\projects\\rs-school\\src\\components\\ThemeToggle.tsx": {"path":"D:\\projects\\rs-school\\src\\components\\ThemeToggle.tsx","all":false,"statementMap":{"0":{"start":{"line":1,"column":0},"end":{"line":1,"column":46}},"2":{"start":{"line":3,"column":0},"end":{"line":3,"column":27}},"3":{"start":{"line":4,"column":0},"end":{"line":4,"column":44}},"4":{"start":{"line":5,"column":0},"end":{"line":5,"column":34}},"6":{"start":{"line":7,"column":0},"end":{"line":7,"column":10}},"7":{"start":{"line":8,"column":0},"end":{"line":8,"column":11}},"8":{"start":{"line":9,"column":0},"end":{"line":9,"column":27}},"9":{"start":{"line":10,"column":0},"end":{"line":10,"column":130}},"11":{"start":{"line":12,"column":0},"end":{"line":12,"column":41}},"12":{"start":{"line":13,"column":0},"end":{"line":13,"column":41}},"14":{"start":{"line":15,"column":0},"end":{"line":15,"column":10}},"15":{"start":{"line":16,"column":0},"end":{"line":16,"column":96}},"16":{"start":{"line":17,"column":0},"end":{"line":17,"column":52}},"17":{"start":{"line":18,"column":0},"end":{"line":18,"column":11}},"18":{"start":{"line":19,"column":0},"end":{"line":19,"column":8}},"19":{"start":{"line":20,"column":0},"end":{"line":20,"column":13}},"21":{"start":{"line":22,"column":0},"end":{"line":22,"column":2}},"23":{"start":{"line":24,"column":0},"end":{"line":24,"column":27}}},"s":{"0":1,"2":1,"3":9,"4":9,"6":9,"7":9,"8":9,"9":9,"11":9,"12":9,"14":9,"15":9,"16":9,"17":9,"18":9,"19":9,"21":9,"23":1},"branchMap":{"0":{"type":"branch","line":3,"loc":{"start":{"line":3,"column":20},"end":{"line":22,"column":2}},"locations":[{"start":{"line":3,"column":20},"end":{"line":22,"column":2}}]},"1":{"type":"branch","line":17,"loc":{"start":{"line":17,"column":10},"end":{"line":17,"column":37}},"locations":[{"start":{"line":17,"column":10},"end":{"line":17,"column":37}}]},"2":{"type":"branch","line":17,"loc":{"start":{"line":17,"column":19},"end":{"line":17,"column":52}},"locations":[{"start":{"line":17,"column":19},"end":{"line":17,"column":52}}]}},"b":{"0":[9],"1":[1],"2":[8]},"fnMap":{"0":{"name":"ThemeToggle","decl":{"start":{"line":3,"column":20},"end":{"line":22,"column":2}},"loc":{"start":{"line":3,"column":20},"end":{"line":22,"column":2}},"line":3}},"f":{"0":9}}
,"D:\\projects\\rs-school\\src\\components\\Footer\\Flyout.tsx": {"path":"D:\\projects\\rs-school\\src\\components\\Footer\\Flyout.tsx","all":false,"statementMap":{"1":{"start":{"line":2,"column":0},"end":{"line":2,"column":68}},"3":{"start":{"line":4,"column":0},"end":{"line":4,"column":60}},"5":{"start":{"line":6,"column":0},"end":{"line":6,"column":55}},"7":{"start":{"line":8,"column":0},"end":{"line":8,"column":26}},"8":{"start":{"line":9,"column":0},"end":{"line":9,"column":39}},"9":{"start":{"line":10,"column":0},"end":{"line":10,"column":57}},"10":{"start":{"line":11,"column":0},"end":{"line":11,"column":4}},"11":{"start":{"line":12,"column":0},"end":{"line":12,"column":33}},"13":{"start":{"line":14,"column":0},"end":{"line":14,"column":32}},"14":{"start":{"line":15,"column":0},"end":{"line":15,"column":61}},"15":{"start":{"line":16,"column":0},"end":{"line":16,"column":11}},"16":{"start":{"line":17,"column":0},"end":{"line":17,"column":62}},"17":{"start":{"line":18,"column":0},"end":{"line":18,"column":8}},"19":{"start":{"line":20,"column":0},"end":{"line":20,"column":66}},"20":{"start":{"line":21,"column":0},"end":{"line":21,"column":4}},"22":{"start":{"line":23,"column":0},"end":{"line":23,"column":35}},"23":{"start":{"line":24,"column":0},"end":{"line":24,"column":36}},"24":{"start":{"line":25,"column":0},"end":{"line":25,"column":4}},"26":{"start":{"line":27,"column":0},"end":{"line":27,"column":10}},"27":{"start":{"line":28,"column":0},"end":{"line":28,"column":8}},"28":{"start":{"line":29,"column":0},"end":{"line":29,"column":26}},"29":{"start":{"line":30,"column":0},"end":{"line":30,"column":305}},"31":{"start":{"line":32,"column":0},"end":{"line":32,"column":10}},"32":{"start":{"line":33,"column":0},"end":{"line":33,"column":82}},"34":{"start":{"line":35,"column":0},"end":{"line":35,"column":11}},"35":{"start":{"line":36,"column":0},"end":{"line":36,"column":13}},"36":{"start":{"line":37,"column":0},"end":{"line":37,"column":63}},"37":{"start":{"line":38,"column":0},"end":{"line":38,"column":21}},"38":{"start":{"line":39,"column":0},"end":{"line":39,"column":35}},"39":{"start":{"line":40,"column":0},"end":{"line":40,"column":7}},"41":{"start":{"line":42,"column":0},"end":{"line":42,"column":15}},"42":{"start":{"line":43,"column":0},"end":{"line":43,"column":13}},"43":{"start":{"line":44,"column":0},"end":{"line":44,"column":63}},"44":{"start":{"line":45,"column":0},"end":{"line":45,"column":21}},"45":{"start":{"line":46,"column":0},"end":{"line":46,"column":32}},"46":{"start":{"line":47,"column":0},"end":{"line":47,"column":7}},"48":{"start":{"line":49,"column":0},"end":{"line":49,"column":15}},"49":{"start":{"line":50,"column":0},"end":{"line":50,"column":10}},"51":{"start":{"line":52,"column":0},"end":{"line":52,"column":2}},"53":{"start":{"line":54,"column":0},"end":{"line":54,"column":22}}},"s":{"1":1,"3":1,"5":1,"7":1,"8":6,"9":6,"10":6,"11":6,"13":6,"14":1,"15":1,"16":1,"17":1,"19":1,"20":1,"22":6,"23":1,"24":1,"26":6,"27":6,"28":6,"29":6,"31":6,"32":6,"34":6,"35":6,"36":6,"37":6,"38":6,"39":6,"41":6,"42":6,"43":6,"44":6,"45":6,"46":6,"48":6,"49":6,"51":6,"53":1},"branchMap":{"0":{"type":"branch","line":8,"loc":{"start":{"line":8,"column":19},"end":{"line":52,"column":2}},"locations":[{"start":{"line":8,"column":19},"end":{"line":52,"column":2}}]},"1":{"type":"branch","line":30,"loc":{"start":{"line":30,"column":240},"end":{"line":30,"column":274}},"locations":[{"start":{"line":30,"column":240},"end":{"line":30,"column":274}}]},"2":{"type":"branch","line":30,"loc":{"start":{"line":30,"column":244},"end":{"line":30,"column":302}},"locations":[{"start":{"line":30,"column":244},"end":{"line":30,"column":302}}]},"3":{"type":"branch","line":33,"loc":{"start":{"line":33,"column":68},"end":{"line":33,"column":78}},"locations":[{"start":{"line":33,"column":68},"end":{"line":33,"column":78}}]},"4":{"type":"branch","line":10,"loc":{"start":{"line":10,"column":4},"end":{"line":10,"column":57}},"locations":[{"start":{"line":10,"column":4},"end":{"line":10,"column":57}}]},"5":{"type":"branch","line":14,"loc":{"start":{"line":14,"column":25},"end":{"line":21,"column":4}},"locations":[{"start":{"line":14,"column":25},"end":{"line":21,"column":4}}]},"6":{"type":"branch","line":15,"loc":{"start":{"line":15,"column":49},"end":{"line":18,"column":6}},"locations":[{"start":{"line":15,"column":49},"end":{"line":18,"column":6}}]},"7":{"type":"branch","line":23,"loc":{"start":{"line":23,"column":28},"end":{"line":25,"column":4}},"locations":[{"start":{"line":23,"column":28},"end":{"line":25,"column":4}}]}},"b":{"0":[6],"1":[3],"2":[3],"3":[3],"4":[12],"5":[1],"6":[1],"7":[1]},"fnMap":{"0":{"name":"Flyout","decl":{"start":{"line":8,"column":19},"end":{"line":52,"column":2}},"loc":{"start":{"line":8,"column":19},"end":{"line":52,"column":2}},"line":8},"1":{"name":"handleDownload","decl":{"start":{"line":14,"column":25},"end":{"line":21,"column":4}},"loc":{"start":{"line":14,"column":25},"end":{"line":21,"column":4}},"line":14},"2":{"name":"handleUnselectAll","decl":{"start":{"line":23,"column":28},"end":{"line":25,"column":4}},"loc":{"start":{"line":23,"column":28},"end":{"line":25,"column":4}},"line":23}},"f":{"0":6,"1":1,"2":1}}
,"D:\\projects\\rs-school\\src\\components\\Footer\\Footer.tsx": {"path":"D:\\projects\\rs-school\\src\\components\\Footer\\Footer.tsx","all":false,"statementMap":{"0":{"start":{"line":1,"column":0},"end":{"line":1,"column":51}},"1":{"start":{"line":2,"column":0},"end":{"line":2,"column":30}},"3":{"start":{"line":4,"column":0},"end":{"line":4,"column":22}},"4":{"start":{"line":5,"column":0},"end":{"line":5,"column":10}},"5":{"start":{"line":6,"column":0},"end":{"line":6,"column":33}},"6":{"start":{"line":7,"column":0},"end":{"line":7,"column":21}},"7":{"start":{"line":8,"column":0},"end":{"line":8,"column":16}},"8":{"start":{"line":9,"column":0},"end":{"line":9,"column":13}},"10":{"start":{"line":11,"column":0},"end":{"line":11,"column":2}},"12":{"start":{"line":13,"column":0},"end":{"line":13,"column":22}}},"s":{"0":1,"1":1,"3":1,"4":1,"5":1,"6":1,"7":1,"8":1,"10":1,"12":1},"branchMap":{"0":{"type":"branch","line":4,"loc":{"start":{"line":4,"column":15},"end":{"line":11,"column":2}},"locations":[{"start":{"line":4,"column":15},"end":{"line":11,"column":2}}]}},"b":{"0":[1]},"fnMap":{"0":{"name":"Footer","decl":{"start":{"line":4,"column":15},"end":{"line":11,"column":2}},"loc":{"start":{"line":4,"column":15},"end":{"line":11,"column":2}},"line":4}},"f":{"0":1}}
,"D:\\projects\\rs-school\\src\\components\\Header\\Header.tsx": {"path":"D:\\projects\\rs-school\\src\\components\\Header\\Header.tsx","all":false,"statementMap":{"1":{"start":{"line":2,"column":0},"end":{"line":2,"column":48}},"2":{"start":{"line":3,"column":0},"end":{"line":3,"column":41}},"9":{"start":{"line":10,"column":0},"end":{"line":10,"column":70}},"10":{"start":{"line":11,"column":0},"end":{"line":11,"column":10}},"11":{"start":{"line":12,"column":0},"end":{"line":12,"column":73}},"12":{"start":{"line":13,"column":0},"end":{"line":13,"column":72}},"13":{"start":{"line":14,"column":0},"end":{"line":14,"column":62}},"14":{"start":{"line":15,"column":0},"end":{"line":15,"column":66}},"15":{"start":{"line":16,"column":0},"end":{"line":16,"column":12}},"16":{"start":{"line":17,"column":0},"end":{"line":17,"column":40}},"17":{"start":{"line":18,"column":0},"end":{"line":18,"column":23}},"18":{"start":{"line":19,"column":0},"end":{"line":19,"column":12}},"19":{"start":{"line":20,"column":0},"end":{"line":20,"column":13}},"21":{"start":{"line":22,"column":0},"end":{"line":22,"column":2}},"23":{"start":{"line":24,"column":0},"end":{"line":24,"column":22}}},"s":{"1":1,"2":1,"9":1,"10":6,"11":6,"12":6,"13":6,"14":6,"15":6,"16":6,"17":6,"18":6,"19":6,"21":6,"23":1},"branchMap":{"0":{"type":"branch","line":10,"loc":{"start":{"line":10,"column":32},"end":{"line":22,"column":2}},"locations":[{"start":{"line":10,"column":32},"end":{"line":22,"column":2}}]}},"b":{"0":[6]},"fnMap":{"0":{"name":"Header","decl":{"start":{"line":10,"column":32},"end":{"line":22,"column":2}},"loc":{"start":{"line":10,"column":32},"end":{"line":22,"column":2}},"line":10}},"f":{"0":6}}
,"D:\\projects\\rs-school\\src\\components\\Header\\Search.tsx": {"path":"D:\\projects\\rs-school\\src\\components\\Header\\Search.tsx","all":false,"statementMap":{"0":{"start":{"line":1,"column":0},"end":{"line":1,"column":53}},"7":{"start":{"line":8,"column":0},"end":{"line":8,"column":76}},"8":{"start":{"line":9,"column":0},"end":{"line":9,"column":63}},"10":{"start":{"line":11,"column":0},"end":{"line":11,"column":71}},"11":{"start":{"line":12,"column":0},"end":{"line":12,"column":39}},"12":{"start":{"line":13,"column":0},"end":{"line":13,"column":4}},"14":{"start":{"line":15,"column":0},"end":{"line":15,"column":30}},"15":{"start":{"line":16,"column":0},"end":{"line":16,"column":26}},"16":{"start":{"line":17,"column":0},"end":{"line":17,"column":4}},"18":{"start":{"line":19,"column":0},"end":{"line":19,"column":10}},"19":{"start":{"line":20,"column":0},"end":{"line":20,"column":49}},"20":{"start":{"line":21,"column":0},"end":{"line":21,"column":12}},"21":{"start":{"line":22,"column":0},"end":{"line":22,"column":19}},"22":{"start":{"line":23,"column":0},"end":{"line":23,"column":34}},"23":{"start":{"line":24,"column":0},"end":{"line":24,"column":77}},"24":{"start":{"line":25,"column":0},"end":{"line":25,"column":35}},"25":{"start":{"line":26,"column":0},"end":{"line":26,"column":36}},"26":{"start":{"line":27,"column":0},"end":{"line":27,"column":27}},"27":{"start":{"line":28,"column":0},"end":{"line":28,"column":8}},"28":{"start":{"line":29,"column":0},"end":{"line":29,"column":13}},"29":{"start":{"line":30,"column":0},"end":{"line":30,"column":21}},"30":{"start":{"line":31,"column":0},"end":{"line":31,"column":35}},"31":{"start":{"line":32,"column":0},"end":{"line":32,"column":63}},"32":{"start":{"line":33,"column":0},"end":{"line":33,"column":30}},"33":{"start":{"line":34,"column":0},"end":{"line":34,"column":7}},"35":{"start":{"line":36,"column":0},"end":{"line":36,"column":15}},"36":{"start":{"line":37,"column":0},"end":{"line":37,"column":10}},"38":{"start":{"line":39,"column":0},"end":{"line":39,"column":2}},"40":{"start":{"line":41,"column":0},"end":{"line":41,"column":22}}},"s":{"0":1,"7":1,"8":8,"10":8,"11":2,"12":2,"14":8,"15":2,"16":2,"18":8,"19":8,"20":8,"21":8,"22":8,"23":8,"24":8,"25":8,"26":8,"27":8,"28":8,"29":8,"30":8,"31":8,"32":8,"33":8,"35":8,"36":8,"38":8,"40":1},"branchMap":{"0":{"type":"branch","line":8,"loc":{"start":{"line":8,"column":38},"end":{"line":39,"column":2}},"locations":[{"start":{"line":8,"column":38},"end":{"line":39,"column":2}}]},"1":{"type":"branch","line":11,"loc":{"start":{"line":11,"column":28},"end":{"line":13,"column":4}},"locations":[{"start":{"line":11,"column":28},"end":{"line":13,"column":4}}]},"2":{"type":"branch","line":15,"loc":{"start":{"line":15,"column":23},"end":{"line":17,"column":4}},"locations":[{"start":{"line":15,"column":23},"end":{"line":17,"column":4}}]}},"b":{"0":[8],"1":[2],"2":[2]},"fnMap":{"0":{"name":"Search","decl":{"start":{"line":8,"column":38},"end":{"line":39,"column":2}},"loc":{"start":{"line":8,"column":38},"end":{"line":39,"column":2}},"line":8},"1":{"name":"handleInputChange","decl":{"start":{"line":11,"column":28},"end":{"line":13,"column":4}},"loc":{"start":{"line":11,"column":28},"end":{"line":13,"column":4}},"line":11},"2":{"name":"handleSearch","decl":{"start":{"line":15,"column":23},"end":{"line":17,"column":4}},"loc":{"start":{"line":15,"column":23},"end":{"line":17,"column":4}},"line":15}},"f":{"0":8,"1":2,"2":2}}
,"D:\\projects\\rs-school\\src\\components\\Main\\Main.tsx": {"path":"D:\\projects\\rs-school\\src\\components\\Main\\Main.tsx","all":false,"statementMap":{"2":{"start":{"line":3,"column":0},"end":{"line":3,"column":56}},"4":{"start":{"line":5,"column":0},"end":{"line":5,"column":54}},"5":{"start":{"line":6,"column":0},"end":{"line":6,"column":41}},"6":{"start":{"line":7,"column":0},"end":{"line":7,"column":47}},"7":{"start":{"line":8,"column":0},"end":{"line":8,"column":8}},"11":{"start":{"line":12,"column":0},"end":{"line":12,"column":39}},"12":{"start":{"line":13,"column":0},"end":{"line":13,"column":74}},"13":{"start":{"line":14,"column":0},"end":{"line":14,"column":54}},"19":{"start":{"line":20,"column":0},"end":{"line":20,"column":50}},"20":{"start":{"line":21,"column":0},"end":{"line":21,"column":29}},"21":{"start":{"line":22,"column":0},"end":{"line":22,"column":33}},"22":{"start":{"line":23,"column":0},"end":{"line":23,"column":41}},"23":{"start":{"line":24,"column":0},"end":{"line":24,"column":62}},"24":{"start":{"line":25,"column":0},"end":{"line":25,"column":68}},"26":{"start":{"line":27,"column":0},"end":{"line":27,"column":67}},"27":{"start":{"line":28,"column":0},"end":{"line":28,"column":36}},"28":{"start":{"line":29,"column":0},"end":{"line":29,"column":16}},"29":{"start":{"line":30,"column":0},"end":{"line":30,"column":5}},"31":{"start":{"line":32,"column":0},"end":{"line":32,"column":78}},"32":{"start":{"line":33,"column":0},"end":{"line":33,"column":9}},"33":{"start":{"line":34,"column":0},"end":{"line":34,"column":22}},"34":{"start":{"line":35,"column":0},"end":{"line":35,"column":28}},"35":{"start":{"line":36,"column":0},"end":{"line":36,"column":24}},"36":{"start":{"line":37,"column":0},"end":{"line":37,"column":32}},"37":{"start":{"line":38,"column":0},"end":{"line":38,"column":67}},"39":{"start":{"line":40,"column":0},"end":{"line":40,"column":31}},"40":{"start":{"line":41,"column":0},"end":{"line":41,"column":37}},"41":{"start":{"line":42,"column":0},"end":{"line":42,"column":20}},"42":{"start":{"line":43,"column":0},"end":{"line":43,"column":8}},"43":{"start":{"line":44,"column":0},"end":{"line":44,"column":74}},"44":{"start":{"line":45,"column":0},"end":{"line":45,"column":13}},"45":{"start":{"line":46,"column":0},"end":{"line":46,"column":5}},"46":{"start":{"line":47,"column":0},"end":{"line":47,"column":62}},"47":{"start":{"line":48,"column":0},"end":{"line":48,"column":49}},"48":{"start":{"line":49,"column":0},"end":{"line":49,"column":63}},"49":{"start":{"line":50,"column":0},"end":{"line":50,"column":24}},"50":{"start":{"line":51,"column":0},"end":{"line":51,"column":4}},"52":{"start":{"line":53,"column":0},"end":{"line":53,"column":66}},"53":{"start":{"line":54,"column":0},"end":{"line":54,"column":47}},"54":{"start":{"line":55,"column":0},"end":{"line":55,"column":64}},"55":{"start":{"line":56,"column":0},"end":{"line":56,"column":40}},"56":{"start":{"line":57,"column":0},"end":{"line":57,"column":65}},"57":{"start":{"line":58,"column":0},"end":{"line":58,"column":26}},"58":{"start":{"line":59,"column":0},"end":{"line":59,"column":5}},"59":{"start":{"line":60,"column":0},"end":{"line":60,"column":4}},"61":{"start":{"line":62,"column":0},"end":{"line":62,"column":35}},"62":{"start":{"line":63,"column":0},"end":{"line":63,"column":72}},"63":{"start":{"line":64,"column":0},"end":{"line":64,"column":49}},"65":{"start":{"line":66,"column":0},"end":{"line":66,"column":10}},"66":{"start":{"line":67,"column":0},"end":{"line":67,"column":50}},"67":{"start":{"line":68,"column":0},"end":{"line":68,"column":67}},"68":{"start":{"line":69,"column":0},"end":{"line":69,"column":20}},"69":{"start":{"line":70,"column":0},"end":{"line":70,"column":27}},"70":{"start":{"line":71,"column":0},"end":{"line":71,"column":46}},"71":{"start":{"line":72,"column":0},"end":{"line":72,"column":47}},"73":{"start":{"line":74,"column":0},"end":{"line":74,"column":35}},"74":{"start":{"line":75,"column":0},"end":{"line":75,"column":10}},"75":{"start":{"line":76,"column":0},"end":{"line":76,"column":46}},"76":{"start":{"line":77,"column":0},"end":{"line":77,"column":13}},"77":{"start":{"line":78,"column":0},"end":{"line":78,"column":19}},"78":{"start":{"line":79,"column":0},"end":{"line":79,"column":47}},"79":{"start":{"line":80,"column":0},"end":{"line":80,"column":42}},"80":{"start":{"line":81,"column":0},"end":{"line":81,"column":30}},"81":{"start":{"line":82,"column":0},"end":{"line":82,"column":68}},"83":{"start":{"line":84,"column":0},"end":{"line":84,"column":26}},"84":{"start":{"line":85,"column":0},"end":{"line":85,"column":56}},"86":{"start":{"line":87,"column":0},"end":{"line":87,"column":25}},"88":{"start":{"line":89,"column":0},"end":{"line":89,"column":16}},"90":{"start":{"line":91,"column":0},"end":{"line":91,"column":10}},"92":{"start":{"line":93,"column":0},"end":{"line":93,"column":2}},"94":{"start":{"line":95,"column":0},"end":{"line":95,"column":20}}},"s":{"2":1,"4":1,"5":1,"6":1,"7":1,"11":1,"12":1,"13":1,"19":1,"20":7,"21":7,"22":7,"23":7,"24":7,"26":7,"27":7,"28":7,"29":7,"31":7,"32":7,"33":7,"34":7,"35":7,"36":7,"37":7,"39":7,"40":2,"41":2,"42":2,"43":2,"44":1,"45":1,"46":1,"47":1,"48":1,"49":1,"50":2,"52":7,"53":3,"54":1,"55":1,"56":1,"57":1,"58":1,"59":3,"61":7,"62":7,"63":7,"65":4,"66":4,"67":4,"68":4,"69":4,"70":4,"71":2,"73":4,"74":4,"75":4,"76":4,"77":4,"78":2,"79":2,"80":2,"81":0,"83":2,"84":0,"86":2,"88":2,"90":7,"92":7,"94":1},"branchMap":{"0":{"type":"branch","line":20,"loc":{"start":{"line":20,"column":28},"end":{"line":93,"column":2}},"locations":[{"start":{"line":20,"column":28},"end":{"line":93,"column":2}}]},"1":{"type":"branch","line":32,"loc":{"start":{"line":32,"column":41},"end":{"line":32,"column":78}},"locations":[{"start":{"line":32,"column":41},"end":{"line":32,"column":78}}]},"2":{"type":"branch","line":38,"loc":{"start":{"line":38,"column":32},"end":{"line":38,"column":47}},"locations":[{"start":{"line":38,"column":32},"end":{"line":38,"column":47}}]},"3":{"type":"branch","line":62,"loc":{"start":{"line":62,"column":17},"end":{"line":62,"column":35}},"locations":[{"start":{"line":62,"column":17},"end":{"line":62,"column":35}}]},"4":{"type":"branch","line":62,"loc":{"start":{"line":62,"column":32},"end":{"line":63,"column":22}},"locations":[{"start":{"line":62,"column":32},"end":{"line":63,"column":22}}]},"5":{"type":"branch","line":63,"loc":{"start":{"line":63,"column":15},"end":{"line":63,"column":72}},"locations":[{"start":{"line":63,"column":15},"end":{"line":63,"column":72}}]},"6":{"type":"branch","line":63,"loc":{"start":{"line":63,"column":69},"end":{"line":64,"column":35}},"locations":[{"start":{"line":63,"column":69},"end":{"line":64,"column":35}}]},"7":{"type":"branch","line":64,"loc":{"start":{"line":64,"column":28},"end":{"line":64,"column":49}},"locations":[{"start":{"line":64,"column":28},"end":{"line":64,"column":49}}]},"8":{"type":"branch","line":64,"loc":{"start":{"line":64,"column":46},"end":{"line":78,"column":19}},"locations":[{"start":{"line":64,"column":46},"end":{"line":78,"column":19}}]},"9":{"type":"branch","line":78,"loc":{"start":{"line":78,"column":7},"end":{"line":89,"column":16}},"locations":[{"start":{"line":78,"column":7},"end":{"line":89,"column":16}}]},"10":{"type":"branch","line":80,"loc":{"start":{"line":80,"column":11},"end":{"line":80,"column":42}},"locations":[{"start":{"line":80,"column":11},"end":{"line":80,"column":42}}]},"11":{"type":"branch","line":81,"loc":{"start":{"line":81,"column":11},"end":{"line":82,"column":68}},"locations":[{"start":{"line":81,"column":11},"end":{"line":82,"column":68}}]},"12":{"type":"branch","line":84,"loc":{"start":{"line":84,"column":11},"end":{"line":85,"column":56}},"locations":[{"start":{"line":84,"column":11},"end":{"line":85,"column":56}}]},"13":{"type":"branch","line":40,"loc":{"start":{"line":40,"column":30},"end":{"line":51,"column":4}},"locations":[{"start":{"line":40,"column":30},"end":{"line":51,"column":4}}]},"14":{"type":"branch","line":44,"loc":{"start":{"line":44,"column":73},"end":{"line":50,"column":24}},"locations":[{"start":{"line":44,"column":73},"end":{"line":50,"column":24}}]},"15":{"type":"branch","line":53,"loc":{"start":{"line":53,"column":24},"end":{"line":60,"column":4}},"locations":[{"start":{"line":53,"column":24},"end":{"line":60,"column":4}}]},"16":{"type":"branch","line":54,"loc":{"start":{"line":54,"column":46},"end":{"line":59,"column":5}},"locations":[{"start":{"line":54,"column":46},"end":{"line":59,"column":5}}]},"17":{"type":"branch","line":71,"loc":{"start":{"line":71,"column":27},"end":{"line":72,"column":47}},"locations":[{"start":{"line":71,"column":27},"end":{"line":72,"column":47}}]}},"b":{"0":[7],"1":[2],"2":[5],"3":[1],"4":[6],"5":[1],"6":[5],"7":[1],"8":[4],"9":[2],"10":[0],"11":[0],"12":[0],"13":[2],"14":[1],"15":[3],"16":[1],"17":[2]},"fnMap":{"0":{"name":"Main","decl":{"start":{"line":20,"column":28},"end":{"line":93,"column":2}},"loc":{"start":{"line":20,"column":28},"end":{"line":93,"column":2}},"line":20},"1":{"name":"handleSelectPokemon","decl":{"start":{"line":40,"column":30},"end":{"line":51,"column":4}},"loc":{"start":{"line":40,"column":30},"end":{"line":51,"column":4}},"line":40},"2":{"name":"handleUlClick","decl":{"start":{"line":53,"column":24},"end":{"line":60,"column":4}},"loc":{"start":{"line":53,"column":24},"end":{"line":60,"column":4}},"line":53},"3":{"name":"onSelectPokemon","decl":{"start":{"line":71,"column":27},"end":{"line":72,"column":47}},"loc":{"start":{"line":71,"column":27},"end":{"line":72,"column":47}},"line":71}},"f":{"0":7,"1":2,"2":3,"3":2}}
,"D:\\projects\\rs-school\\src\\components\\Main\\Pagination.tsx": {"path":"D:\\projects\\rs-school\\src\\components\\Main\\Pagination.tsx","all":false,"statementMap":{"0":{"start":{"line":1,"column":0},"end":{"line":1,"column":74}},"6":{"start":{"line":7,"column":0},"end":{"line":7,"column":57}},"7":{"start":{"line":8,"column":0},"end":{"line":8,"column":29}},"8":{"start":{"line":9,"column":0},"end":{"line":9,"column":33}},"9":{"start":{"line":10,"column":0},"end":{"line":10,"column":41}},"11":{"start":{"line":12,"column":0},"end":{"line":12,"column":53}},"13":{"start":{"line":14,"column":0},"end":{"line":14,"column":49}},"14":{"start":{"line":15,"column":0},"end":{"line":15,"column":47}},"15":{"start":{"line":16,"column":0},"end":{"line":16,"column":75}},"16":{"start":{"line":17,"column":0},"end":{"line":17,"column":54}},"17":{"start":{"line":18,"column":0},"end":{"line":18,"column":65}},"18":{"start":{"line":19,"column":0},"end":{"line":19,"column":26}},"19":{"start":{"line":20,"column":0},"end":{"line":20,"column":5}},"20":{"start":{"line":21,"column":0},"end":{"line":21,"column":4}},"22":{"start":{"line":23,"column":0},"end":{"line":23,"column":10}},"23":{"start":{"line":24,"column":0},"end":{"line":24,"column":76}},"24":{"start":{"line":25,"column":0},"end":{"line":25,"column":13}},"25":{"start":{"line":26,"column":0},"end":{"line":26,"column":21}},"26":{"start":{"line":27,"column":0},"end":{"line":27,"column":80}},"27":{"start":{"line":28,"column":0},"end":{"line":28,"column":20}},"28":{"start":{"line":29,"column":0},"end":{"line":29,"column":51}},"29":{"start":{"line":30,"column":0},"end":{"line":30,"column":64}},"30":{"start":{"line":31,"column":0},"end":{"line":31,"column":11}},"31":{"start":{"line":32,"column":0},"end":{"line":32,"column":29}},"32":{"start":{"line":33,"column":0},"end":{"line":33,"column":50}},"34":{"start":{"line":35,"column":0},"end":{"line":35,"column":73}},"35":{"start":{"line":36,"column":0},"end":{"line":36,"column":15}},"36":{"start":{"line":37,"column":0},"end":{"line":37,"column":15}},"37":{"start":{"line":38,"column":0},"end":{"line":38,"column":15}},"38":{"start":{"line":39,"column":0},"end":{"line":39,"column":42}},"39":{"start":{"line":40,"column":0},"end":{"line":40,"column":29}},"40":{"start":{"line":41,"column":0},"end":{"line":41,"column":13}},"41":{"start":{"line":42,"column":0},"end":{"line":42,"column":13}},"42":{"start":{"line":43,"column":0},"end":{"line":43,"column":82}},"43":{"start":{"line":44,"column":0},"end":{"line":44,"column":29}},"44":{"start":{"line":45,"column":0},"end":{"line":45,"column":50}},"45":{"start":{"line":46,"column":0},"end":{"line":46,"column":64}},"46":{"start":{"line":47,"column":0},"end":{"line":47,"column":11}},"47":{"start":{"line":48,"column":0},"end":{"line":48,"column":38}},"48":{"start":{"line":49,"column":0},"end":{"line":49,"column":50}},"50":{"start":{"line":51,"column":0},"end":{"line":51,"column":13}},"51":{"start":{"line":52,"column":0},"end":{"line":52,"column":77}},"53":{"start":{"line":54,"column":0},"end":{"line":54,"column":15}},"54":{"start":{"line":55,"column":0},"end":{"line":55,"column":15}},"55":{"start":{"line":56,"column":0},"end":{"line":56,"column":15}},"56":{"start":{"line":57,"column":0},"end":{"line":57,"column":10}},"58":{"start":{"line":59,"column":0},"end":{"line":59,"column":2}},"60":{"start":{"line":61,"column":0},"end":{"line":61,"column":26}}},"s":{"0":1,"6":1,"7":11,"8":11,"9":11,"11":11,"13":11,"14":4,"15":4,"16":4,"17":4,"18":4,"19":4,"20":4,"22":11,"23":11,"24":11,"25":11,"26":11,"27":11,"28":7,"29":4,"30":11,"31":11,"32":11,"34":11,"35":11,"36":11,"37":11,"38":11,"39":11,"40":11,"41":11,"42":11,"43":11,"44":4,"45":7,"46":11,"47":11,"48":11,"50":11,"51":11,"53":11,"54":11,"55":11,"56":11,"58":11,"60":1},"branchMap":{"0":{"type":"branch","line":7,"loc":{"start":{"line":7,"column":19},"end":{"line":59,"column":2}},"locations":[{"start":{"line":7,"column":19},"end":{"line":59,"column":2}}]},"1":{"type":"branch","line":12,"loc":{"start":{"line":12,"column":46},"end":{"line":12,"column":53}},"locations":[{"start":{"line":12,"column":46},"end":{"line":12,"column":53}}]},"2":{"type":"branch","line":28,"loc":{"start":{"line":28,"column":19},"end":{"line":29,"column":51}},"locations":[{"start":{"line":28,"column":19},"end":{"line":29,"column":51}}]},"3":{"type":"branch","line":29,"loc":{"start":{"line":29,"column":14},"end":{"line":30,"column":64}},"locations":[{"start":{"line":29,"column":14},"end":{"line":30,"column":64}}]},"4":{"type":"branch","line":35,"loc":{"start":{"line":35,"column":37},"end":{"line":35,"column":69}},"locations":[{"start":{"line":35,"column":37},"end":{"line":35,"column":69}}]},"5":{"type":"branch","line":44,"loc":{"start":{"line":44,"column":19},"end":{"line":45,"column":50}},"locations":[{"start":{"line":44,"column":19},"end":{"line":45,"column":50}}]},"6":{"type":"branch","line":45,"loc":{"start":{"line":45,"column":14},"end":{"line":46,"column":64}},"locations":[{"start":{"line":45,"column":14},"end":{"line":46,"column":64}}]},"7":{"type":"branch","line":52,"loc":{"start":{"line":52,"column":33},"end":{"line":52,"column":74}},"locations":[{"start":{"line":52,"column":33},"end":{"line":52,"column":74}}]},"8":{"type":"branch","line":14,"loc":{"start":{"line":14,"column":27},"end":{"line":21,"column":4}},"locations":[{"start":{"line":14,"column":27},"end":{"line":21,"column":4}}]},"9":{"type":"branch","line":33,"loc":{"start":{"line":33,"column":17},"end":{"line":33,"column":50}},"locations":[{"start":{"line":33,"column":17},"end":{"line":33,"column":50}}]},"10":{"type":"branch","line":49,"loc":{"start":{"line":49,"column":17},"end":{"line":49,"column":50}},"locations":[{"start":{"line":49,"column":17},"end":{"line":49,"column":50}}]}},"b":{"0":[11],"1":[5],"2":[7],"3":[4],"4":[4],"5":[4],"6":[7],"7":[7],"8":[4],"9":[2],"10":[2]},"fnMap":{"0":{"name":"Pagination","decl":{"start":{"line":7,"column":19},"end":{"line":59,"column":2}},"loc":{"start":{"line":7,"column":19},"end":{"line":59,"column":2}},"line":7},"1":{"name":"handlePageChange","decl":{"start":{"line":14,"column":27},"end":{"line":21,"column":4}},"loc":{"start":{"line":14,"column":27},"end":{"line":21,"column":4}},"line":14},"2":{"name":"onClick","decl":{"start":{"line":33,"column":17},"end":{"line":33,"column":50}},"loc":{"start":{"line":33,"column":17},"end":{"line":33,"column":50}},"line":33},"3":{"name":"onClick","decl":{"start":{"line":49,"column":17},"end":{"line":49,"column":50}},"loc":{"start":{"line":49,"column":17},"end":{"line":49,"column":50}},"line":49}},"f":{"0":11,"1":4,"2":2,"3":2}}
,"D:\\projects\\rs-school\\src\\components\\Main\\PokemonCard.tsx": {"path":"D:\\projects\\rs-school\\src\\components\\Main\\PokemonCard.tsx","all":false,"statementMap":{"9":{"start":{"line":10,"column":0},"end":{"line":10,"column":50}},"10":{"start":{"line":11,"column":0},"end":{"line":11,"column":7}},"11":{"start":{"line":12,"column":0},"end":{"line":12,"column":14}},"12":{"start":{"line":13,"column":0},"end":{"line":13,"column":8}},"13":{"start":{"line":14,"column":0},"end":{"line":14,"column":13}},"14":{"start":{"line":15,"column":0},"end":{"line":15,"column":10}},"15":{"start":{"line":16,"column":0},"end":{"line":16,"column":11}},"16":{"start":{"line":17,"column":0},"end":{"line":17,"column":7}},"17":{"start":{"line":18,"column":0},"end":{"line":18,"column":10}},"18":{"start":{"line":19,"column":0},"end":{"line":19,"column":7}},"19":{"start":{"line":20,"column":0},"end":{"line":20,"column":23}},"20":{"start":{"line":21,"column":0},"end":{"line":21,"column":134}},"22":{"start":{"line":23,"column":0},"end":{"line":23,"column":10}},"23":{"start":{"line":24,"column":0},"end":{"line":24,"column":19}},"24":{"start":{"line":25,"column":0},"end":{"line":25,"column":18}},"25":{"start":{"line":26,"column":0},"end":{"line":26,"column":19}},"26":{"start":{"line":27,"column":0},"end":{"line":27,"column":20}},"27":{"start":{"line":28,"column":0},"end":{"line":28,"column":27}},"28":{"start":{"line":29,"column":0},"end":{"line":29,"column":8}},"29":{"start":{"line":30,"column":0},"end":{"line":30,"column":56}},"30":{"start":{"line":31,"column":0},"end":{"line":31,"column":54}},"31":{"start":{"line":32,"column":0},"end":{"line":32,"column":14}},"32":{"start":{"line":33,"column":0},"end":{"line":33,"column":25}},"33":{"start":{"line":34,"column":0},"end":{"line":34,"column":30}},"34":{"start":{"line":35,"column":0},"end":{"line":35,"column":29}},"35":{"start":{"line":36,"column":0},"end":{"line":36,"column":162}},"37":{"start":{"line":38,"column":0},"end":{"line":38,"column":10}},"38":{"start":{"line":39,"column":0},"end":{"line":39,"column":12}},"39":{"start":{"line":40,"column":0},"end":{"line":40,"column":26}},"40":{"start":{"line":41,"column":0},"end":{"line":41,"column":9}},"42":{"start":{"line":43,"column":0},"end":{"line":43,"column":2}},"44":{"start":{"line":45,"column":0},"end":{"line":45,"column":27}}},"s":{"9":1,"10":24,"11":24,"12":24,"13":24,"14":24,"15":24,"16":24,"17":24,"18":24,"19":24,"20":24,"22":24,"23":24,"24":24,"25":24,"26":24,"27":24,"28":24,"29":24,"30":24,"31":24,"32":24,"33":24,"34":24,"35":24,"37":24,"38":24,"39":24,"40":24,"42":24,"44":1},"branchMap":{"0":{"type":"branch","line":10,"loc":{"start":{"line":10,"column":48},"end":{"line":43,"column":2}},"locations":[{"start":{"line":10,"column":48},"end":{"line":43,"column":2}}]}},"b":{"0":[24]},"fnMap":{"0":{"name":"PokemonCard","decl":{"start":{"line":10,"column":48},"end":{"line":43,"column":2}},"loc":{"start":{"line":10,"column":48},"end":{"line":43,"column":2}},"line":10}},"f":{"0":24}}
,"D:\\projects\\rs-school\\src\\components\\Main\\PokemonCardDetails.tsx": {"path":"D:\\projects\\rs-school\\src\\components\\Main\\PokemonCardDetails.tsx","all":false,"statementMap":{"1":{"start":{"line":2,"column":0},"end":{"line":2,"column":74}},"8":{"start":{"line":9,"column":0},"end":{"line":9,"column":74}},"9":{"start":{"line":10,"column":0},"end":{"line":10,"column":29}},"10":{"start":{"line":11,"column":0},"end":{"line":11,"column":41}},"11":{"start":{"line":12,"column":0},"end":{"line":12,"column":33}},"13":{"start":{"line":14,"column":0},"end":{"line":14,"column":29}},"14":{"start":{"line":15,"column":0},"end":{"line":15,"column":73}},"15":{"start":{"line":16,"column":0},"end":{"line":16,"column":38}},"16":{"start":{"line":17,"column":0},"end":{"line":17,"column":63}},"17":{"start":{"line":18,"column":0},"end":{"line":18,"column":24}},"18":{"start":{"line":19,"column":0},"end":{"line":19,"column":4}},"20":{"start":{"line":21,"column":0},"end":{"line":21,"column":10}},"21":{"start":{"line":22,"column":0},"end":{"line":22,"column":12}},"22":{"start":{"line":23,"column":0},"end":{"line":23,"column":40}},"23":{"start":{"line":24,"column":0},"end":{"line":24,"column":76}},"25":{"start":{"line":26,"column":0},"end":{"line":26,"column":13}},"26":{"start":{"line":27,"column":0},"end":{"line":27,"column":29}},"27":{"start":{"line":28,"column":0},"end":{"line":28,"column":67}},"28":{"start":{"line":29,"column":0},"end":{"line":29,"column":26}},"30":{"start":{"line":31,"column":0},"end":{"line":31,"column":75}},"32":{"start":{"line":33,"column":0},"end":{"line":33,"column":15}},"33":{"start":{"line":34,"column":0},"end":{"line":34,"column":15}},"34":{"start":{"line":35,"column":0},"end":{"line":35,"column":60}},"35":{"start":{"line":36,"column":0},"end":{"line":36,"column":10}},"36":{"start":{"line":37,"column":0},"end":{"line":37,"column":27}},"37":{"start":{"line":38,"column":0},"end":{"line":38,"column":26}},"38":{"start":{"line":39,"column":0},"end":{"line":39,"column":65}},"39":{"start":{"line":40,"column":0},"end":{"line":40,"column":8}},"40":{"start":{"line":41,"column":0},"end":{"line":41,"column":26}},"41":{"start":{"line":42,"column":0},"end":{"line":42,"column":51}},"42":{"start":{"line":43,"column":0},"end":{"line":43,"column":10}},"43":{"start":{"line":44,"column":0},"end":{"line":44,"column":9}},"44":{"start":{"line":45,"column":0},"end":{"line":45,"column":52}},"45":{"start":{"line":46,"column":0},"end":{"line":46,"column":10}},"46":{"start":{"line":47,"column":0},"end":{"line":47,"column":9}},"47":{"start":{"line":48,"column":0},"end":{"line":48,"column":45}},"48":{"start":{"line":49,"column":0},"end":{"line":49,"column":10}},"49":{"start":{"line":50,"column":0},"end":{"line":50,"column":9}},"50":{"start":{"line":51,"column":0},"end":{"line":51,"column":66}},"51":{"start":{"line":52,"column":0},"end":{"line":52,"column":10}},"52":{"start":{"line":53,"column":0},"end":{"line":53,"column":14}},"54":{"start":{"line":55,"column":0},"end":{"line":55,"column":2}},"56":{"start":{"line":57,"column":0},"end":{"line":57,"column":34}}},"s":{"1":1,"8":1,"9":3,"10":3,"11":3,"13":3,"14":2,"15":2,"16":2,"17":2,"18":2,"20":3,"21":3,"22":3,"23":3,"25":3,"26":3,"27":3,"28":3,"30":3,"32":3,"33":3,"34":3,"35":3,"36":3,"37":3,"38":3,"39":3,"40":3,"41":3,"42":3,"43":3,"44":3,"45":3,"46":3,"47":3,"48":3,"49":3,"50":3,"51":3,"52":3,"54":3,"56":1},"branchMap":{"0":{"type":"branch","line":9,"loc":{"start":{"line":9,"column":56},"end":{"line":55,"column":2}},"locations":[{"start":{"line":9,"column":56},"end":{"line":55,"column":2}}]},"1":{"type":"branch","line":14,"loc":{"start":{"line":14,"column":22},"end":{"line":19,"column":4}},"locations":[{"start":{"line":14,"column":22},"end":{"line":19,"column":4}}]}},"b":{"0":[3],"1":[2]},"fnMap":{"0":{"name":"PokemonCardDetails","decl":{"start":{"line":9,"column":56},"end":{"line":55,"column":2}},"loc":{"start":{"line":9,"column":56},"end":{"line":55,"column":2}},"line":9},"1":{"name":"handleClose","decl":{"start":{"line":14,"column":22},"end":{"line":19,"column":4}},"loc":{"start":{"line":14,"column":22},"end":{"line":19,"column":4}},"line":14}},"f":{"0":3,"1":2}}
,"D:\\projects\\rs-school\\src\\components\\Main\\PokemonList.tsx": {"path":"D:\\projects\\rs-school\\src\\components\\Main\\PokemonList.tsx","all":false,"statementMap":{"2":{"start":{"line":3,"column":0},"end":{"line":3,"column":56}},"3":{"start":{"line":4,"column":0},"end":{"line":4,"column":62}},"6":{"start":{"line":7,"column":0},"end":{"line":7,"column":55}},"17":{"start":{"line":18,"column":0},"end":{"line":18,"column":46}},"18":{"start":{"line":19,"column":0},"end":{"line":19,"column":10}},"19":{"start":{"line":20,"column":0},"end":{"line":20,"column":18}},"20":{"start":{"line":21,"column":0},"end":{"line":21,"column":12}},"21":{"start":{"line":22,"column":0},"end":{"line":22,"column":7}},"22":{"start":{"line":23,"column":0},"end":{"line":23,"column":33}},"23":{"start":{"line":24,"column":0},"end":{"line":24,"column":39}},"24":{"start":{"line":25,"column":0},"end":{"line":25,"column":57}},"25":{"start":{"line":26,"column":0},"end":{"line":26,"column":4}},"27":{"start":{"line":28,"column":0},"end":{"line":28,"column":10}},"28":{"start":{"line":29,"column":0},"end":{"line":29,"column":7}},"29":{"start":{"line":30,"column":0},"end":{"line":30,"column":32}},"30":{"start":{"line":31,"column":0},"end":{"line":31,"column":74}},"31":{"start":{"line":32,"column":0},"end":{"line":32,"column":25}},"33":{"start":{"line":34,"column":0},"end":{"line":34,"column":40}},"34":{"start":{"line":35,"column":0},"end":{"line":35,"column":20}},"35":{"start":{"line":36,"column":0},"end":{"line":36,"column":21}},"36":{"start":{"line":37,"column":0},"end":{"line":37,"column":22}},"37":{"start":{"line":38,"column":0},"end":{"line":38,"column":62}},"38":{"start":{"line":39,"column":0},"end":{"line":39,"column":62}},"39":{"start":{"line":40,"column":0},"end":{"line":40,"column":64}},"40":{"start":{"line":41,"column":0},"end":{"line":41,"column":10}},"41":{"start":{"line":42,"column":0},"end":{"line":42,"column":9}},"42":{"start":{"line":43,"column":0},"end":{"line":43,"column":9}},"44":{"start":{"line":45,"column":0},"end":{"line":45,"column":2}},"46":{"start":{"line":47,"column":0},"end":{"line":47,"column":27}}},"s":{"2":1,"3":1,"6":1,"17":1,"18":12,"19":12,"20":12,"21":12,"22":12,"23":12,"24":12,"25":12,"27":12,"28":12,"29":12,"30":12,"31":12,"33":12,"34":19,"35":19,"36":19,"37":19,"38":19,"39":19,"40":19,"41":12,"42":12,"44":12,"46":1},"branchMap":{"0":{"type":"branch","line":18,"loc":{"start":{"line":18,"column":44},"end":{"line":45,"column":2}},"locations":[{"start":{"line":18,"column":44},"end":{"line":45,"column":2}}]},"1":{"type":"branch","line":25,"loc":{"start":{"line":25,"column":4},"end":{"line":25,"column":57}},"locations":[{"start":{"line":25,"column":4},"end":{"line":25,"column":57}}]},"2":{"type":"branch","line":34,"loc":{"start":{"line":34,"column":19},"end":{"line":41,"column":10}},"locations":[{"start":{"line":34,"column":19},"end":{"line":41,"column":10}}]},"3":{"type":"branch","line":39,"loc":{"start":{"line":39,"column":19},"end":{"line":39,"column":62}},"locations":[{"start":{"line":39,"column":19},"end":{"line":39,"column":62}}]},"4":{"type":"branch","line":40,"loc":{"start":{"line":40,"column":20},"end":{"line":40,"column":64}},"locations":[{"start":{"line":40,"column":20},"end":{"line":40,"column":64}}]}},"b":{"0":[12],"1":[26],"2":[19],"3":[4],"4":[2]},"fnMap":{"0":{"name":"PokemonList","decl":{"start":{"line":18,"column":44},"end":{"line":45,"column":2}},"loc":{"start":{"line":18,"column":44},"end":{"line":45,"column":2}},"line":18},"1":{"name":"onClick","decl":{"start":{"line":39,"column":19},"end":{"line":39,"column":62}},"loc":{"start":{"line":39,"column":19},"end":{"line":39,"column":62}},"line":39},"2":{"name":"onSelect","decl":{"start":{"line":40,"column":20},"end":{"line":40,"column":64}},"loc":{"start":{"line":40,"column":20},"end":{"line":40,"column":64}},"line":40}},"f":{"0":12,"1":4,"2":2}}
,"D:\\projects\\rs-school\\src\\context\\ThemeContext.tsx": {"path":"D:\\projects\\rs-school\\src\\context\\ThemeContext.tsx","all":false,"statementMap":{"2":{"start":{"line":3,"column":0},"end":{"line":3,"column":55}},"3":{"start":{"line":4,"column":0},"end":{"line":4,"column":49}},"5":{"start":{"line":6,"column":0},"end":{"line":6,"column":73}},"6":{"start":{"line":7,"column":0},"end":{"line":7,"column":53}},"8":{"start":{"line":9,"column":0},"end":{"line":9,"column":19}},"9":{"start":{"line":10,"column":0},"end":{"line":10,"column":40}},"10":{"start":{"line":11,"column":0},"end":{"line":11,"column":64}},"11":{"start":{"line":12,"column":0},"end":{"line":12,"column":43}},"12":{"start":{"line":13,"column":0},"end":{"line":13,"column":5}},"13":{"start":{"line":14,"column":0},"end":{"line":14,"column":9}},"15":{"start":{"line":16,"column":0},"end":{"line":16,"column":19}},"16":{"start":{"line":17,"column":0},"end":{"line":17,"column":72}},"17":{"start":{"line":18,"column":0},"end":{"line":18,"column":40}},"18":{"start":{"line":19,"column":0},"end":{"line":19,"column":43}},"19":{"start":{"line":20,"column":0},"end":{"line":20,"column":5}},"20":{"start":{"line":21,"column":0},"end":{"line":21,"column":14}},"22":{"start":{"line":23,"column":0},"end":{"line":23,"column":29}},"23":{"start":{"line":24,"column":0},"end":{"line":24,"column":62}},"24":{"start":{"line":25,"column":0},"end":{"line":25,"column":4}},"26":{"start":{"line":27,"column":0},"end":{"line":27,"column":10}},"27":{"start":{"line":28,"column":0},"end":{"line":28,"column":58}},"28":{"start":{"line":29,"column":0},"end":{"line":29,"column":16}},"29":{"start":{"line":30,"column":0},"end":{"line":30,"column":28}},"31":{"start":{"line":32,"column":0},"end":{"line":32,"column":2}}},"s":{"2":1,"3":1,"5":1,"6":14,"8":14,"9":9,"10":9,"11":9,"12":9,"13":14,"15":14,"16":14,"17":14,"18":14,"19":14,"20":14,"22":14,"23":4,"24":4,"26":14,"27":14,"28":14,"29":14,"31":14},"branchMap":{"0":{"type":"branch","line":6,"loc":{"start":{"line":6,"column":29},"end":{"line":32,"column":2}},"locations":[{"start":{"line":6,"column":29},"end":{"line":32,"column":2}}]},"1":{"type":"branch","line":9,"loc":{"start":{"line":9,"column":12},"end":{"line":14,"column":5}},"locations":[{"start":{"line":9,"column":12},"end":{"line":14,"column":5}}]},"2":{"type":"branch","line":12,"loc":{"start":{"line":12,"column":22},"end":{"line":12,"column":43}},"locations":[{"start":{"line":12,"column":22},"end":{"line":12,"column":43}}]},"3":{"type":"branch","line":16,"loc":{"start":{"line":16,"column":12},"end":{"line":21,"column":5}},"locations":[{"start":{"line":16,"column":12},"end":{"line":21,"column":5}}]},"4":{"type":"branch","line":23,"loc":{"start":{"line":23,"column":22},"end":{"line":25,"column":4}},"locations":[{"start":{"line":23,"column":22},"end":{"line":25,"column":4}}]},"5":{"type":"branch","line":24,"loc":{"start":{"line":24,"column":13},"end":{"line":24,"column":60}},"locations":[{"start":{"line":24,"column":13},"end":{"line":24,"column":60}}]},"6":{"type":"branch","line":24,"loc":{"start":{"line":24,"column":33},"end":{"line":24,"column":52}},"locations":[{"start":{"line":24,"column":33},"end":{"line":24,"column":52}}]},"7":{"type":"branch","line":24,"loc":{"start":{"line":24,"column":43},"end":{"line":24,"column":60}},"locations":[{"start":{"line":24,"column":43},"end":{"line":24,"column":60}}]}},"b":{"0":[14],"1":[9],"2":[5],"3":[14],"4":[4],"5":[4],"6":[2],"7":[2]},"fnMap":{"0":{"name":"ThemeProvider","decl":{"start":{"line":6,"column":29},"end":{"line":32,"column":2}},"loc":{"start":{"line":6,"column":29},"end":{"line":32,"column":2}},"line":6},"1":{"name":"toggleTheme","decl":{"start":{"line":23,"column":22},"end":{"line":25,"column":4}},"loc":{"start":{"line":23,"column":22},"end":{"line":25,"column":4}},"line":23}},"f":{"0":14,"1":4}}
,"D:\\projects\\rs-school\\src\\context\\useTheme.tsx": {"path":"D:\\projects\\rs-school\\src\\context\\useTheme.tsx","all":false,"statementMap":{"0":{"start":{"line":1,"column":0},"end":{"line":1,"column":50}},"9":{"start":{"line":10,"column":0},"end":{"line":10,"column":73}},"11":{"start":{"line":12,"column":0},"end":{"line":12,"column":31}},"12":{"start":{"line":13,"column":0},"end":{"line":13,"column":43}},"13":{"start":{"line":14,"column":0},"end":{"line":14,"column":65}},"14":{"start":{"line":15,"column":0},"end":{"line":15,"column":17}},"15":{"start":{"line":16,"column":0},"end":{"line":16,"column":2}}},"s":{"0":1,"9":1,"11":1,"12":19,"13":19,"14":14,"15":14},"branchMap":{"0":{"type":"branch","line":12,"loc":{"start":{"line":12,"column":24},"end":{"line":16,"column":2}},"locations":[{"start":{"line":12,"column":24},"end":{"line":16,"column":2}}]},"1":{"type":"branch","line":14,"loc":{"start":{"line":14,"column":16},"end":{"line":14,"column":65}},"locations":[{"start":{"line":14,"column":16},"end":{"line":14,"column":65}}]},"2":{"type":"branch","line":14,"loc":{"start":{"line":14,"column":63},"end":{"line":16,"column":2}},"locations":[{"start":{"line":14,"column":63},"end":{"line":16,"column":2}}]}},"b":{"0":[19],"1":[4],"2":[14]},"fnMap":{"0":{"name":"useTheme","decl":{"start":{"line":12,"column":24},"end":{"line":16,"column":2}},"loc":{"start":{"line":12,"column":24},"end":{"line":16,"column":2}},"line":12}},"f":{"0":19}}
,"D:\\projects\\rs-school\\src\\hooks\\useSearchQuery.tsx": {"path":"D:\\projects\\rs-school\\src\\hooks\\useSearchQuery.tsx","all":false,"statementMap":{"2":{"start":{"line":3,"column":0},"end":{"line":3,"column":44}},"4":{"start":{"line":5,"column":0},"end":{"line":5,"column":31}},"5":{"start":{"line":6,"column":0},"end":{"line":6,"column":13}},"6":{"start":{"line":7,"column":0},"end":{"line":7,"column":62}},"7":{"start":{"line":8,"column":0},"end":{"line":8,"column":61}},"9":{"start":{"line":10,"column":0},"end":{"line":10,"column":19}},"10":{"start":{"line":11,"column":0},"end":{"line":11,"column":40}},"11":{"start":{"line":12,"column":0},"end":{"line":12,"column":58}},"12":{"start":{"line":13,"column":0},"end":{"line":13,"column":34}},"13":{"start":{"line":14,"column":0},"end":{"line":14,"column":5}},"14":{"start":{"line":15,"column":0},"end":{"line":15,"column":12}},"16":{"start":{"line":17,"column":0},"end":{"line":17,"column":19}},"17":{"start":{"line":18,"column":0},"end":{"line":18,"column":40}},"18":{"start":{"line":19,"column":0},"end":{"line":19,"column":45}},"19":{"start":{"line":20,"column":0},"end":{"line":20,"column":5}},"20":{"start":{"line":21,"column":0},"end":{"line":21,"column":25}},"22":{"start":{"line":23,"column":0},"end":{"line":23,"column":39}},"23":{"start":{"line":24,"column":0},"end":{"line":24,"column":2}}},"s":{"2":1,"4":1,"5":62,"6":62,"7":62,"9":62,"10":4,"11":4,"12":4,"13":4,"14":62,"16":62,"17":33,"18":33,"19":33,"20":62,"22":62,"23":62},"branchMap":{"0":{"type":"branch","line":5,"loc":{"start":{"line":5,"column":30},"end":{"line":24,"column":2}},"locations":[{"start":{"line":5,"column":30},"end":{"line":24,"column":2}}]},"1":{"type":"branch","line":10,"loc":{"start":{"line":10,"column":12},"end":{"line":15,"column":5}},"locations":[{"start":{"line":10,"column":12},"end":{"line":15,"column":5}}]},"2":{"type":"branch","line":12,"loc":{"start":{"line":12,"column":50},"end":{"line":12,"column":58}},"locations":[{"start":{"line":12,"column":50},"end":{"line":12,"column":58}}]},"3":{"type":"branch","line":17,"loc":{"start":{"line":17,"column":12},"end":{"line":21,"column":5}},"locations":[{"start":{"line":17,"column":12},"end":{"line":21,"column":5}}]}},"b":{"0":[62],"1":[4],"2":[2],"3":[33]},"fnMap":{"0":{"name":"useSearchQuery","decl":{"start":{"line":5,"column":30},"end":{"line":24,"column":2}},"loc":{"start":{"line":5,"column":30},"end":{"line":24,"column":2}},"line":5}},"f":{"0":62}}
,"D:\\projects\\rs-school\\src\\utils\\testUtils.tsx": {"path":"D:\\projects\\rs-school\\src\\utils\\testUtils.tsx","all":false,"statementMap":{"0":{"start":{"line":1,"column":0},"end":{"line":1,"column":50}},"1":{"start":{"line":2,"column":0},"end":{"line":2,"column":39}},"2":{"start":{"line":3,"column":0},"end":{"line":3,"column":68}},"3":{"start":{"line":4,"column":0},"end":{"line":4,"column":46}},"5":{"start":{"line":6,"column":0},"end":{"line":6,"column":38}},"6":{"start":{"line":7,"column":0},"end":{"line":7,"column":25}},"7":{"start":{"line":8,"column":0},"end":{"line":8,"column":14}},"8":{"start":{"line":9,"column":0},"end":{"line":9,"column":48}},"9":{"start":{"line":10,"column":0},"end":{"line":10,"column":51}},"10":{"start":{"line":11,"column":0},"end":{"line":11,"column":6}},"11":{"start":{"line":12,"column":0},"end":{"line":12,"column":41}},"12":{"start":{"line":13,"column":0},"end":{"line":13,"column":59}},"13":{"start":{"line":14,"column":0},"end":{"line":14,"column":5}},"14":{"start":{"line":15,"column":0},"end":{"line":15,"column":2}},"16":{"start":{"line":17,"column":0},"end":{"line":17,"column":53}},"17":{"start":{"line":18,"column":0},"end":{"line":18,"column":34}},"18":{"start":{"line":19,"column":0},"end":{"line":19,"column":49}},"19":{"start":{"line":20,"column":0},"end":{"line":20,"column":2}}},"s":{"0":1,"1":1,"2":1,"3":1,"5":1,"6":16,"7":16,"8":16,"9":16,"10":16,"11":16,"12":16,"13":16,"14":16,"16":1,"17":1,"18":1,"19":1},"branchMap":{"0":{"type":"branch","line":6,"loc":{"start":{"line":6,"column":31},"end":{"line":15,"column":2}},"locations":[{"start":{"line":6,"column":31},"end":{"line":15,"column":2}}]},"1":{"type":"branch","line":12,"loc":{"start":{"line":12,"column":16},"end":{"line":13,"column":59}},"locations":[{"start":{"line":12,"column":16},"end":{"line":13,"column":59}}]},"2":{"type":"branch","line":17,"loc":{"start":{"line":17,"column":31},"end":{"line":20,"column":2}},"locations":[{"start":{"line":17,"column":31},"end":{"line":20,"column":2}}]}},"b":{"0":[16],"1":[16],"2":[1]},"fnMap":{"0":{"name":"createTestStore","decl":{"start":{"line":6,"column":31},"end":{"line":15,"column":2}},"loc":{"start":{"line":6,"column":31},"end":{"line":15,"column":2}},"line":6},"1":{"name":"middleware","decl":{"start":{"line":12,"column":16},"end":{"line":13,"column":59}},"loc":{"start":{"line":12,"column":16},"end":{"line":13,"column":59}},"line":12},"2":{"name":"renderWithStore","decl":{"start":{"line":17,"column":31},"end":{"line":20,"column":2}},"loc":{"start":{"line":17,"column":31},"end":{"line":20,"column":2}},"line":17}},"f":{"0":16,"1":16,"2":1}}
}
