TN:
SF:src\components\Card.tsx
FN:8,(anonymous_0)
FN:11,(anonymous_1)
FNF:2
FNH:2
FNDA:5,(anonymous_0)
FNDA:1,(anonymous_1)
DA:8,3
DA:9,5
DA:11,1
DA:27,3
LF:4
LH:4
BRF:0
BRH:0
end_of_record
TN:
SF:src\components\CardDetails.tsx
FN:6,(anonymous_1)
FN:11,(anonymous_2)
FN:13,(anonymous_3)
FNF:3
FNH:3
FNDA:5,(anonymous_1)
FNDA:3,(anonymous_2)
FNDA:3,(anonymous_3)
DA:1,1
DA:2,1
DA:3,1
DA:4,1
DA:6,1
DA:7,5
DA:8,5
DA:9,5
DA:11,5
DA:12,3
DA:13,3
DA:14,3
DA:15,3
DA:16,3
DA:17,2
DA:19,0
DA:21,2
DA:24,3
DA:28,5
DA:29,3
DA:32,2
DA:33,1
DA:36,1
DA:60,1
LF:24
LH:23
BRDA:12,0,0,3
BRDA:28,1,0,3
BRDA:32,2,0,1
BRF:3
BRH:3
end_of_record
TN:
SF:src\components\ErrorButton.tsx
FN:3,(anonymous_0)
FN:14,(anonymous_1)
FNF:2
FNH:1
FNDA:3,(anonymous_0)
FNDA:0,(anonymous_1)
DA:1,1
DA:3,1
DA:4,3
DA:6,3
DA:7,0
DA:10,3
DA:14,0
DA:21,1
LF:8
LH:6
BRDA:6,0,0,0
BRF:1
BRH:0
end_of_record
TN:
SF:src\components\Loader.tsx
FN:1,(anonymous_0)
FNF:1
FNH:1
FNDA:7,(anonymous_0)
DA:1,2
DA:2,7
DA:12,2
LF:3
LH:3
BRF:0
BRH:0
end_of_record
TN:
SF:src\components\NoResults.tsx
FN:1,(anonymous_0)
FNF:1
FNH:1
FNDA:7,(anonymous_0)
DA:1,2
DA:2,7
DA:10,2
LF:3
LH:3
BRF:0
BRH:0
end_of_record
TN:
SF:src\components\Pagination.tsx
FN:8,(anonymous_0)
FN:11,(anonymous_1)
FN:27,(anonymous_2)
FN:42,(anonymous_3)
FNF:4
FNH:4
FNDA:6,(anonymous_0)
FNDA:2,(anonymous_1)
FNDA:1,(anonymous_2)
FNDA:1,(anonymous_3)
DA:1,3
DA:8,3
DA:9,6
DA:11,6
DA:12,2
DA:13,2
DA:17,6
DA:27,1
DA:42,1
DA:50,3
LF:10
LH:10
BRDA:12,0,0,2
BRDA:12,1,0,2
BRDA:12,1,1,2
BRDA:22,2,0,2
BRDA:22,2,1,4
BRDA:37,3,0,2
BRDA:37,3,1,4
BRF:7
BRH:7
end_of_record
TN:
SF:src\components\Results.tsx
FN:20,(anonymous_1)
FN:29,(anonymous_2)
FN:30,(anonymous_3)
FN:67,(anonymous_4)
FN:71,(anonymous_5)
FNF:5
FNH:4
FNDA:17,(anonymous_1)
FNDA:6,(anonymous_2)
FNDA:6,(anonymous_3)
FNDA:3,(anonymous_4)
FNDA:0,(anonymous_5)
DA:1,2
DA:2,2
DA:3,2
DA:4,2
DA:5,2
DA:6,2
DA:7,2
DA:20,2
DA:21,17
DA:22,17
DA:24,17
DA:25,17
DA:26,17
DA:27,17
DA:29,17
DA:30,6
DA:31,6
DA:32,6
DA:34,6
DA:35,6
DA:39,3
DA:40,3
DA:42,3
DA:43,3
DA:46,6
DA:50,6
DA:53,17
DA:54,4
DA:56,13
DA:57,5
DA:60,8
DA:61,7
DA:64,1
DA:68,3
DA:71,0
DA:80,2
LF:36
LH:35
BRDA:22,0,0,17
BRDA:22,0,1,0
BRDA:42,1,0,3
BRDA:53,2,0,4
BRDA:56,3,0,5
BRDA:60,4,0,7
BRF:6
BRH:5
end_of_record
TN:
SF:src\components\Search.tsx
FN:8,(anonymous_0)
FN:11,(anonymous_1)
FN:15,(anonymous_2)
FNF:3
FNH:3
FNDA:7,(anonymous_0)
FNDA:2,(anonymous_1)
FNDA:2,(anonymous_2)
DA:1,2
DA:8,2
DA:9,7
DA:11,7
DA:12,2
DA:15,7
DA:16,2
DA:19,7
DA:39,2
LF:9
LH:9
BRDA:8,0,0,2
BRF:1
BRH:1
end_of_record
TN:
SF:src\hooks\useSearchQuery.tsx
FN:3,(anonymous_0)
FN:6,(anonymous_1)
FN:10,(anonymous_2)
FNF:3
FNH:3
FNDA:4,(anonymous_0)
FNDA:1,(anonymous_1)
FNDA:2,(anonymous_2)
DA:1,1
DA:3,1
DA:6,4
DA:7,1
DA:10,4
DA:11,2
DA:14,4
LF:7
LH:7
BRDA:7,0,0,1
BRDA:7,0,1,1
BRF:2
BRH:2
end_of_record
TN:
SF:src\pages\Home.tsx
FN:8,(anonymous_1)
FN:14,(anonymous_2)
FN:20,(anonymous_3)
FN:26,(anonymous_4)
FN:31,(anonymous_5)
FN:36,(anonymous_6)
FNF:6
FNH:4
FNDA:4,(anonymous_1)
FNDA:2,(anonymous_2)
FNDA:1,(anonymous_3)
FNDA:0,(anonymous_4)
FNDA:0,(anonymous_5)
FNDA:1,(anonymous_6)
DA:1,1
DA:2,1
DA:3,1
DA:4,1
DA:5,1
DA:6,1
DA:8,1
DA:9,4
DA:10,4
DA:11,4
DA:12,4
DA:14,4
DA:15,2
DA:16,1
DA:20,4
DA:21,1
DA:22,1
DA:23,1
DA:26,4
DA:27,0
DA:28,0
DA:31,4
DA:32,0
DA:33,0
DA:36,4
DA:37,1
DA:38,0
DA:39,0
DA:43,4
DA:73,1
LF:30
LH:24
BRDA:15,0,0,1
BRDA:37,1,0,0
BRDA:47,2,0,0
BRDA:47,2,1,4
BRDA:53,3,0,4
BRDA:53,3,1,0
BRF:6
BRH:3
end_of_record
